<?xml version="1.0" encoding="UTF-8"?>
<coverage generated="1781984091301" clover="3.2.0">
  <project timestamp="1781984091301" name="All files">
    <metrics statements="563" coveredstatements="367" conditionals="317" coveredconditionals="226" methods="248" coveredmethods="90" elements="1128" coveredelements="683" complexity="0" loc="563" ncloc="563" packages="5" files="16" classes="16"/>
    <package name="src">
      <metrics statements="42" coveredstatements="24" conditionals="24" coveredconditionals="9" methods="18" coveredmethods="3"/>
      <file name="App.tsx" path="D:\projects\breathe\src\App.tsx">
        <metrics statements="29" coveredstatements="11" conditionals="24" coveredconditionals="9" methods="18" coveredmethods="3"/>
        <line num="13" count="1" type="stmt"/>
        <line num="29" count="1" type="stmt"/>
        <line num="30" count="0" type="stmt"/>
        <line num="33" count="1" type="stmt"/>
        <line num="34" count="0" type="stmt"/>
        <line num="37" count="1" type="stmt"/>
        <line num="38" count="0" type="cond" truecount="0" falsecount="2"/>
        <line num="39" count="0" type="stmt"/>
        <line num="40" count="0" type="stmt"/>
        <line num="42" count="0" type="stmt"/>
        <line num="43" count="0" type="stmt"/>
        <line num="46" count="1" type="stmt"/>
        <line num="47" count="0" type="stmt"/>
        <line num="48" count="0" type="stmt"/>
        <line num="49" count="0" type="stmt"/>
        <line num="51" count="0" type="stmt"/>
        <line num="54" count="1" type="stmt"/>
        <line num="55" count="0" type="cond" truecount="0" falsecount="2"/>
        <line num="56" count="0" type="stmt"/>
        <line num="60" count="1" type="stmt"/>
        <line num="67" count="0" type="stmt"/>
        <line num="78" count="0" type="stmt"/>
        <line num="86" count="0" type="stmt"/>
        <line num="106" count="1" type="stmt"/>
        <line num="116" count="1" type="stmt"/>
        <line num="117" count="1" type="cond" truecount="1" falsecount="1"/>
        <line num="118" count="0" type="stmt"/>
        <line num="119" count="0" type="stmt"/>
        <line num="124" count="1" type="stmt"/>
      </file>
      <file name="translations.ts" path="D:\projects\breathe\src\translations.ts">
        <metrics statements="13" coveredstatements="13" conditionals="0" coveredconditionals="0" methods="0" coveredmethods="0"/>
        <line num="73" count="12" type="stmt"/>
        <line num="272" count="12" type="stmt"/>
        <line num="467" count="12" type="stmt"/>
        <line num="663" count="12" type="stmt"/>
        <line num="858" count="12" type="stmt"/>
        <line num="1053" count="12" type="stmt"/>
        <line num="1244" count="12" type="stmt"/>
        <line num="1433" count="12" type="stmt"/>
        <line num="1623" count="12" type="stmt"/>
        <line num="1814" count="12" type="stmt"/>
        <line num="2004" count="12" type="stmt"/>
        <line num="2193" count="12" type="stmt"/>
        <line num="2380" count="12" type="stmt"/>
      </file>
    </package>
    <package name="src.components">
      <metrics statements="281" coveredstatements="260" conditionals="200" coveredconditionals="176" methods="82" coveredmethods="73"/>
      <file name="AIInsights.tsx" path="D:\projects\breathe\src\components\AIInsights.tsx">
        <metrics statements="40" coveredstatements="40" conditionals="30" coveredconditionals="26" methods="6" coveredmethods="6"/>
        <line num="15" count="1" type="stmt"/>
        <line num="24" count="1" type="stmt"/>
        <line num="31" count="33" type="stmt"/>
        <line num="32" count="33" type="stmt"/>
        <line num="33" count="33" type="stmt"/>
        <line num="34" count="33" type="stmt"/>
        <line num="35" count="33" type="stmt"/>
        <line num="36" count="33" type="stmt"/>
        <line num="38" count="198" type="cond" truecount="2" falsecount="0"/>
        <line num="39" count="49" type="cond" truecount="2" falsecount="0"/>
        <line num="40" count="33" type="cond" truecount="1" falsecount="1"/>
        <line num="42" count="33" type="stmt"/>
        <line num="43" count="17" type="stmt"/>
        <line num="44" count="17" type="stmt"/>
        <line num="45" count="17" type="stmt"/>
        <line num="46" count="17" type="stmt"/>
        <line num="48" count="17" type="stmt"/>
        <line num="49" count="17" type="cond" truecount="4" falsecount="0"/>
        <line num="50" count="10" type="cond" truecount="1" falsecount="1"/>
        <line num="51" count="10" type="stmt"/>
        <line num="52" count="10" type="stmt"/>
        <line num="53" count="10" type="stmt"/>
        <line num="56" count="7" type="stmt"/>
        <line num="57" count="7" type="stmt"/>
        <line num="59" count="7" type="stmt"/>
        <line num="72" count="7" type="stmt"/>
        <line num="87" count="5" type="cond" truecount="2" falsecount="0"/>
        <line num="89" count="4" type="stmt"/>
        <line num="90" count="4" type="stmt"/>
        <line num="91" count="17" type="cond" truecount="2" falsecount="0"/>
        <line num="92" count="3" type="stmt"/>
        <line num="94" count="1" type="stmt"/>
        <line num="97" count="3" type="stmt"/>
        <line num="98" count="3" type="cond" truecount="1" falsecount="1"/>
        <line num="99" count="3" type="stmt"/>
        <line num="101" count="6" type="stmt"/>
        <line num="105" count="33" type="stmt"/>
        <line num="106" count="16" type="stmt"/>
        <line num="109" count="33" type="stmt"/>
        <line num="158" count="16" type="stmt"/>
      </file>
      <file name="ChatBot.tsx" path="D:\projects\breathe\src\components\ChatBot.tsx">
        <metrics statements="94" coveredstatements="88" conditionals="71" coveredconditionals="60" methods="19" coveredmethods="17"/>
        <line num="22" count="3" type="stmt"/>
        <line num="28" count="3" type="stmt"/>
        <line num="44" count="65" type="stmt"/>
        <line num="45" count="65" type="stmt"/>
        <line num="46" count="65" type="cond" truecount="1" falsecount="1"/>
        <line num="47" count="65" type="cond" truecount="1" falsecount="1"/>
        <line num="48" count="65" type="stmt"/>
        <line num="49" count="65" type="stmt"/>
        <line num="50" count="65" type="stmt"/>
        <line num="52" count="65" type="stmt"/>
        <line num="53" count="65" type="stmt"/>
        <line num="54" count="65" type="stmt"/>
        <line num="55" count="65" type="stmt"/>
        <line num="56" count="65" type="stmt"/>
        <line num="57" count="65" type="stmt"/>
        <line num="58" count="65" type="stmt"/>
        <line num="60" count="65" type="stmt"/>
        <line num="62" count="65" type="stmt"/>
        <line num="98" count="65" type="stmt"/>
        <line num="107" count="9" type="stmt"/>
        <line num="108" count="9" type="stmt"/>
        <line num="124" count="6" type="cond" truecount="2" falsecount="2"/>
        <line num="125" count="0" type="stmt"/>
        <line num="126" count="0" type="stmt"/>
        <line num="127" count="0" type="stmt"/>
        <line num="128" count="0" type="stmt"/>
        <line num="131" count="6" type="cond" truecount="2" falsecount="0"/>
        <line num="132" count="2" type="stmt"/>
        <line num="133" count="2" type="stmt"/>
        <line num="134" count="2" type="stmt"/>
        <line num="141" count="4" type="stmt"/>
        <line num="142" count="4" type="stmt"/>
        <line num="143" count="9" type="cond" truecount="2" falsecount="0"/>
        <line num="144" count="0" type="stmt"/>
        <line num="146" count="0" type="stmt"/>
        <line num="150" count="7" type="cond" truecount="1" falsecount="1"/>
        <line num="151" count="7" type="stmt"/>
        <line num="153" count="7" type="cond" truecount="4" falsecount="0"/>
        <line num="155" count="6" type="stmt"/>
        <line num="160" count="6" type="cond" truecount="1" falsecount="1"/>
        <line num="162" count="6" type="stmt"/>
        <line num="163" count="6" type="stmt"/>
        <line num="164" count="6" type="stmt"/>
        <line num="165" count="6" type="stmt"/>
        <line num="166" count="6" type="stmt"/>
        <line num="168" count="6" type="stmt"/>
        <line num="169" count="7" type="cond" truecount="4" falsecount="0"/>
        <line num="170" count="4" type="stmt"/>
        <line num="173" count="6" type="cond" truecount="5" falsecount="0"/>
        <line num="174" count="4" type="stmt"/>
        <line num="175" count="2" type="stmt"/>
        <line num="176" count="2" type="stmt"/>
        <line num="177" count="2" type="stmt"/>
        <line num="179" count="4" type="stmt"/>
        <line num="182" count="2" type="stmt"/>
        <line num="183" count="4" type="stmt"/>
        <line num="187" count="2" type="stmt"/>
        <line num="188" count="1" type="stmt"/>
        <line num="190" count="1" type="stmt"/>
        <line num="191" count="1" type="cond" truecount="2" falsecount="0"/>
        <line num="192" count="1" type="cond" truecount="1" falsecount="1"/>
        <line num="195" count="1" type="stmt"/>
        <line num="196" count="1" type="cond" truecount="1" falsecount="1"/>
        <line num="198" count="2" type="stmt"/>
        <line num="203" count="22" type="stmt"/>
        <line num="206" count="65" type="stmt"/>
        <line num="207" count="19" type="cond" truecount="1" falsecount="1"/>
        <line num="209" count="19" type="stmt"/>
        <line num="210" count="19" type="stmt"/>
        <line num="211" count="19" type="cond" truecount="4" falsecount="0"/>
        <line num="212" count="12" type="stmt"/>
        <line num="215" count="19" type="cond" truecount="3" falsecount="0"/>
        <line num="217" count="19" type="cond" truecount="2" falsecount="0"/>
        <line num="218" count="12" type="stmt"/>
        <line num="219" count="12" type="stmt"/>
        <line num="220" count="12" type="stmt"/>
        <line num="223" count="7" type="stmt"/>
        <line num="225" count="7" type="stmt"/>
        <line num="232" count="3" type="stmt"/>
        <line num="235" count="1" type="stmt"/>
        <line num="236" count="1" type="stmt"/>
        <line num="237" count="1" type="stmt"/>
        <line num="239" count="4" type="stmt"/>
        <line num="243" count="65" type="stmt"/>
        <line num="244" count="55" type="stmt"/>
        <line num="247" count="65" type="cond" truecount="2" falsecount="0"/>
        <line num="249" count="65" type="stmt"/>
        <line num="265" count="50" type="cond" truecount="2" falsecount="0"/>
        <line num="281" count="50" type="cond" truecount="1" falsecount="1"/>
        <line num="307" count="176" type="stmt"/>
        <line num="309" count="1" type="stmt"/>
        <line num="322" count="6" type="stmt"/>
        <line num="323" count="6" type="stmt"/>
        <line num="331" count="8" type="stmt"/>
      </file>
      <file name="CountrySelector.tsx" path="D:\projects\breathe\src\components\CountrySelector.tsx">
        <metrics statements="18" coveredstatements="18" conditionals="9" coveredconditionals="9" methods="8" coveredmethods="8"/>
        <line num="14" count="2" type="stmt"/>
        <line num="17" count="3" type="stmt"/>
        <line num="18" count="3" type="stmt"/>
        <line num="19" count="3" type="stmt"/>
        <line num="20" count="3" type="stmt"/>
        <line num="22" count="3" type="stmt"/>
        <line num="23" count="2" type="stmt"/>
        <line num="24" count="2" type="stmt"/>
        <line num="27" count="3" type="stmt"/>
        <line num="57" count="1" type="stmt"/>
        <line num="89" count="18" type="stmt"/>
        <line num="91" count="18" type="stmt"/>
        <line num="92" count="18" type="cond" truecount="2" falsecount="0"/>
        <line num="93" count="12" type="cond" truecount="2" falsecount="0"/>
        <line num="94" count="6" type="stmt"/>
        <line num="96" count="18" type="stmt"/>
        <line num="98" count="18" type="stmt"/>
        <line num="101" count="1" type="stmt"/>
      </file>
      <file name="Dashboard.tsx" path="D:\projects\breathe\src\components\Dashboard.tsx">
        <metrics statements="17" coveredstatements="17" conditionals="10" coveredconditionals="9" methods="4" coveredmethods="4"/>
        <line num="22" count="4" type="stmt"/>
        <line num="23" count="4" type="stmt"/>
        <line num="24" count="4" type="stmt"/>
        <line num="25" count="4" type="stmt"/>
        <line num="26" count="4" type="stmt"/>
        <line num="28" count="4" type="stmt"/>
        <line num="35" count="4" type="stmt"/>
        <line num="36" count="4" type="stmt"/>
        <line num="38" count="4" type="stmt"/>
        <line num="39" count="1" type="stmt"/>
        <line num="52" count="1" type="stmt"/>
        <line num="55" count="4" type="stmt"/>
        <line num="62" count="16" type="stmt"/>
        <line num="64" count="4" type="stmt"/>
        <line num="137" count="16" type="stmt"/>
        <line num="143" count="16" type="stmt"/>
        <line num="145" count="16" type="stmt"/>
      </file>
      <file name="HistoryChart.tsx" path="D:\projects\breathe\src\components\HistoryChart.tsx">
        <metrics statements="15" coveredstatements="15" conditionals="4" coveredconditionals="4" methods="6" coveredmethods="6"/>
        <line num="9" count="3" type="stmt"/>
        <line num="10" count="3" type="stmt"/>
        <line num="11" count="3" type="cond" truecount="2" falsecount="0"/>
        <line num="13" count="3" type="stmt"/>
        <line num="15" count="2" type="stmt"/>
        <line num="16" count="3" type="stmt"/>
        <line num="17" count="3" type="stmt"/>
        <line num="20" count="2" type="stmt"/>
        <line num="21" count="3" type="stmt"/>
        <line num="22" count="3" type="stmt"/>
        <line num="25" count="2" type="stmt"/>
        <line num="31" count="3" type="stmt"/>
        <line num="32" count="3" type="stmt"/>
        <line num="33" count="3" type="stmt"/>
        <line num="52" count="3" type="stmt"/>
      </file>
      <file name="LandingHero.tsx" path="D:\projects\breathe\src\components\LandingHero.tsx">
        <metrics statements="16" coveredstatements="9" conditionals="2" coveredconditionals="1" methods="8" coveredmethods="3"/>
        <line num="8" count="1" type="stmt"/>
        <line num="16" count="2" type="stmt"/>
        <line num="17" count="2" type="stmt"/>
        <line num="18" count="2" type="stmt"/>
        <line num="20" count="2" type="stmt"/>
        <line num="21" count="2" type="stmt"/>
        <line num="23" count="0" type="stmt"/>
        <line num="25" count="0" type="stmt"/>
        <line num="26" count="0" type="stmt"/>
        <line num="28" count="0" type="stmt"/>
        <line num="32" count="2" type="stmt"/>
        <line num="35" count="2" type="stmt"/>
        <line num="36" count="0" type="stmt"/>
        <line num="37" count="0" type="stmt"/>
        <line num="38" count="0" type="stmt"/>
        <line num="42" count="2" type="stmt"/>
      </file>
      <file name="LanguageSelector.tsx" path="D:\projects\breathe\src\components\LanguageSelector.tsx">
        <metrics statements="7" coveredstatements="7" conditionals="8" coveredconditionals="8" methods="4" coveredmethods="4"/>
        <line num="14" count="4" type="stmt"/>
        <line num="15" count="4" type="stmt"/>
        <line num="16" count="4" type="stmt"/>
        <line num="18" count="4" type="stmt"/>
        <line num="37" count="20" type="stmt"/>
        <line num="39" count="1" type="stmt"/>
        <line num="55" count="1" type="cond" truecount="2" falsecount="0"/>
      </file>
      <file name="Quiz.tsx" path="D:\projects\breathe\src\components\Quiz.tsx">
        <metrics statements="30" coveredstatements="30" conditionals="36" coveredconditionals="29" methods="14" coveredmethods="14"/>
        <line num="16" count="15" type="stmt"/>
        <line num="17" count="15" type="stmt"/>
        <line num="18" count="15" type="stmt"/>
        <line num="19" count="15" type="stmt"/>
        <line num="20" count="15" type="stmt"/>
        <line num="21" count="15" type="stmt"/>
        <line num="22" count="15" type="stmt"/>
        <line num="23" count="15" type="stmt"/>
        <line num="24" count="15" type="stmt"/>
        <line num="26" count="15" type="cond" truecount="1" falsecount="1"/>
        <line num="28" count="15" type="stmt"/>
        <line num="36" count="105" type="stmt"/>
        <line num="38" count="2" type="stmt"/>
        <line num="57" count="1" type="stmt"/>
        <line num="74" count="60" type="stmt"/>
        <line num="76" count="1" type="stmt"/>
        <line num="101" count="1" type="stmt"/>
        <line num="124" count="1" type="stmt"/>
        <line num="141" count="60" type="stmt"/>
        <line num="143" count="1" type="stmt"/>
        <line num="158" count="15" type="stmt"/>
        <line num="159" count="15" type="stmt"/>
        <line num="160" count="15" type="stmt"/>
        <line num="162" count="15" type="stmt"/>
        <line num="163" count="1" type="stmt"/>
        <line num="173" count="15" type="stmt"/>
        <line num="195" count="75" type="stmt"/>
        <line num="213" count="1" type="stmt"/>
        <line num="222" count="6" type="cond" truecount="2" falsecount="0"/>
        <line num="223" count="5" type="stmt"/>
      </file>
      <file name="ShareCard.tsx" path="D:\projects\breathe\src\components\ShareCard.tsx">
        <metrics statements="21" coveredstatements="13" conditionals="6" coveredconditionals="6" methods="4" coveredmethods="2"/>
        <line num="15" count="3" type="stmt"/>
        <line num="16" count="3" type="stmt"/>
        <line num="17" count="3" type="stmt"/>
        <line num="19" count="3" type="stmt"/>
        <line num="21" count="3" type="stmt"/>
        <line num="22" count="3" type="stmt"/>
        <line num="24" count="3" type="stmt"/>
        <line num="38" count="3" type="stmt"/>
        <line num="39" count="1" type="stmt"/>
        <line num="40" count="1" type="stmt"/>
        <line num="41" count="1" type="stmt"/>
        <line num="42" count="1" type="stmt"/>
        <line num="44" count="0" type="stmt"/>
        <line num="45" count="0" type="stmt"/>
        <line num="46" count="0" type="stmt"/>
        <line num="47" count="0" type="stmt"/>
        <line num="48" count="0" type="stmt"/>
        <line num="49" count="0" type="stmt"/>
        <line num="50" count="0" type="stmt"/>
        <line num="51" count="0" type="stmt"/>
        <line num="55" count="3" type="stmt"/>
      </file>
      <file name="WhatIfSimulator.tsx" path="D:\projects\breathe\src\components\WhatIfSimulator.tsx">
        <metrics statements="23" coveredstatements="23" conditionals="24" coveredconditionals="24" methods="9" coveredmethods="9"/>
        <line num="13" count="3" type="stmt"/>
        <line num="16" count="26" type="stmt"/>
        <line num="17" count="26" type="stmt"/>
        <line num="18" count="26" type="cond" truecount="2" falsecount="0"/>
        <line num="20" count="1" type="stmt"/>
        <line num="25" count="80" type="stmt"/>
        <line num="26" count="80" type="stmt"/>
        <line num="27" count="80" type="stmt"/>
        <line num="28" count="80" type="stmt"/>
        <line num="29" count="80" type="stmt"/>
        <line num="30" count="80" type="stmt"/>
        <line num="31" count="80" type="stmt"/>
        <line num="33" count="80" type="stmt"/>
        <line num="34" count="42" type="cond" truecount="2" falsecount="0"/>
        <line num="35" count="37" type="stmt"/>
        <line num="43" count="42" type="stmt"/>
        <line num="46" count="80" type="cond" truecount="3" falsecount="0"/>
        <line num="48" count="80" type="stmt"/>
        <line num="67" count="7" type="stmt"/>
        <line num="73" count="560" type="stmt"/>
        <line num="86" count="3" type="stmt"/>
        <line num="92" count="320" type="stmt"/>
        <line num="109" count="6" type="stmt"/>
      </file>
    </package>
    <package name="src.contexts">
      <metrics statements="11" coveredstatements="10" conditionals="9" coveredconditionals="7" methods="4" coveredmethods="3"/>
      <file name="LanguageContext.tsx" path="D:\projects\breathe\src\contexts\LanguageContext.tsx">
        <metrics statements="11" coveredstatements="10" conditionals="9" coveredconditionals="7" methods="4" coveredmethods="3"/>
        <line num="9" count="11" type="stmt"/>
        <line num="11" count="0" type="cond" truecount="0" falsecount="2"/>
        <line num="15" count="73" type="stmt"/>
        <line num="16" count="2189" type="cond" truecount="2" falsecount="0"/>
        <line num="17" count="2189" type="cond" truecount="3" falsecount="0"/>
        <line num="18" count="2189" type="cond" truecount="2" falsecount="0"/>
        <line num="19" count="177" type="stmt"/>
        <line num="20" count="220" type="stmt"/>
        <line num="23" count="2189" type="stmt"/>
        <line num="26" count="73" type="stmt"/>
        <line num="29" count="213" type="stmt"/>
      </file>
    </package>
    <package name="src.data">
      <metrics statements="156" coveredstatements="2" conditionals="42" coveredconditionals="0" methods="133" coveredmethods="0"/>
      <file name="countries.ts" path="D:\projects\breathe\src\data\countries.ts">
        <metrics statements="156" coveredstatements="2" conditionals="42" coveredconditionals="0" methods="133" coveredmethods="0"/>
        <line num="30" count="10" type="stmt"/>
        <line num="33" count="0" type="stmt"/>
        <line num="34" count="0" type="cond" truecount="0" falsecount="2"/>
        <line num="38" count="0" type="stmt"/>
        <line num="39" count="0" type="cond" truecount="0" falsecount="2"/>
        <line num="42" count="10" type="stmt"/>
        <line num="81" count="0" type="cond" truecount="0" falsecount="2"/>
        <line num="82" count="0" type="stmt"/>
        <line num="83" count="0" type="stmt"/>
        <line num="84" count="0" type="stmt"/>
        <line num="85" count="0" type="stmt"/>
        <line num="86" count="0" type="stmt"/>
        <line num="88" count="0" type="cond" truecount="0" falsecount="2"/>
        <line num="89" count="0" type="stmt"/>
        <line num="90" count="0" type="stmt"/>
        <line num="91" count="0" type="stmt"/>
        <line num="92" count="0" type="stmt"/>
        <line num="93" count="0" type="stmt"/>
        <line num="95" count="0" type="cond" truecount="0" falsecount="2"/>
        <line num="96" count="0" type="stmt"/>
        <line num="97" count="0" type="stmt"/>
        <line num="98" count="0" type="stmt"/>
        <line num="99" count="0" type="stmt"/>
        <line num="100" count="0" type="stmt"/>
        <line num="102" count="0" type="cond" truecount="0" falsecount="2"/>
        <line num="103" count="0" type="stmt"/>
        <line num="104" count="0" type="stmt"/>
        <line num="105" count="0" type="stmt"/>
        <line num="106" count="0" type="stmt"/>
        <line num="107" count="0" type="stmt"/>
        <line num="109" count="0" type="stmt"/>
        <line num="110" count="0" type="stmt"/>
        <line num="111" count="0" type="stmt"/>
        <line num="112" count="0" type="stmt"/>
        <line num="113" count="0" type="stmt"/>
        <line num="114" count="0" type="stmt"/>
        <line num="153" count="0" type="cond" truecount="0" falsecount="2"/>
        <line num="154" count="0" type="stmt"/>
        <line num="155" count="0" type="stmt"/>
        <line num="156" count="0" type="stmt"/>
        <line num="157" count="0" type="stmt"/>
        <line num="158" count="0" type="stmt"/>
        <line num="160" count="0" type="cond" truecount="0" falsecount="2"/>
        <line num="161" count="0" type="stmt"/>
        <line num="162" count="0" type="stmt"/>
        <line num="163" count="0" type="stmt"/>
        <line num="164" count="0" type="stmt"/>
        <line num="165" count="0" type="stmt"/>
        <line num="167" count="0" type="cond" truecount="0" falsecount="2"/>
        <line num="168" count="0" type="stmt"/>
        <line num="169" count="0" type="stmt"/>
        <line num="170" count="0" type="stmt"/>
        <line num="171" count="0" type="stmt"/>
        <line num="172" count="0" type="stmt"/>
        <line num="174" count="0" type="stmt"/>
        <line num="175" count="0" type="stmt"/>
        <line num="176" count="0" type="stmt"/>
        <line num="177" count="0" type="stmt"/>
        <line num="178" count="0" type="stmt"/>
        <line num="179" count="0" type="stmt"/>
        <line num="219" count="0" type="cond" truecount="0" falsecount="2"/>
        <line num="220" count="0" type="stmt"/>
        <line num="221" count="0" type="stmt"/>
        <line num="222" count="0" type="stmt"/>
        <line num="223" count="0" type="stmt"/>
        <line num="224" count="0" type="stmt"/>
        <line num="226" count="0" type="cond" truecount="0" falsecount="2"/>
        <line num="227" count="0" type="stmt"/>
        <line num="228" count="0" type="stmt"/>
        <line num="229" count="0" type="stmt"/>
        <line num="230" count="0" type="stmt"/>
        <line num="231" count="0" type="stmt"/>
        <line num="233" count="0" type="cond" truecount="0" falsecount="2"/>
        <line num="234" count="0" type="stmt"/>
        <line num="235" count="0" type="stmt"/>
        <line num="236" count="0" type="stmt"/>
        <line num="237" count="0" type="stmt"/>
        <line num="238" count="0" type="stmt"/>
        <line num="240" count="0" type="stmt"/>
        <line num="241" count="0" type="stmt"/>
        <line num="242" count="0" type="stmt"/>
        <line num="243" count="0" type="stmt"/>
        <line num="244" count="0" type="stmt"/>
        <line num="245" count="0" type="stmt"/>
        <line num="284" count="0" type="cond" truecount="0" falsecount="2"/>
        <line num="285" count="0" type="stmt"/>
        <line num="286" count="0" type="stmt"/>
        <line num="287" count="0" type="stmt"/>
        <line num="288" count="0" type="stmt"/>
        <line num="289" count="0" type="stmt"/>
        <line num="291" count="0" type="cond" truecount="0" falsecount="2"/>
        <line num="292" count="0" type="stmt"/>
        <line num="293" count="0" type="stmt"/>
        <line num="294" count="0" type="stmt"/>
        <line num="295" count="0" type="stmt"/>
        <line num="296" count="0" type="stmt"/>
        <line num="298" count="0" type="cond" truecount="0" falsecount="2"/>
        <line num="299" count="0" type="stmt"/>
        <line num="300" count="0" type="stmt"/>
        <line num="301" count="0" type="stmt"/>
        <line num="302" count="0" type="stmt"/>
        <line num="303" count="0" type="stmt"/>
        <line num="305" count="0" type="stmt"/>
        <line num="306" count="0" type="stmt"/>
        <line num="307" count="0" type="stmt"/>
        <line num="308" count="0" type="stmt"/>
        <line num="309" count="0" type="stmt"/>
        <line num="310" count="0" type="stmt"/>
        <line num="347" count="0" type="cond" truecount="0" falsecount="2"/>
        <line num="348" count="0" type="stmt"/>
        <line num="349" count="0" type="stmt"/>
        <line num="350" count="0" type="stmt"/>
        <line num="351" count="0" type="stmt"/>
        <line num="352" count="0" type="stmt"/>
        <line num="354" count="0" type="cond" truecount="0" falsecount="2"/>
        <line num="355" count="0" type="stmt"/>
        <line num="356" count="0" type="stmt"/>
        <line num="357" count="0" type="stmt"/>
        <line num="358" count="0" type="stmt"/>
        <line num="359" count="0" type="stmt"/>
        <line num="361" count="0" type="cond" truecount="0" falsecount="2"/>
        <line num="362" count="0" type="stmt"/>
        <line num="363" count="0" type="stmt"/>
        <line num="364" count="0" type="stmt"/>
        <line num="365" count="0" type="stmt"/>
        <line num="366" count="0" type="stmt"/>
        <line num="368" count="0" type="stmt"/>
        <line num="369" count="0" type="stmt"/>
        <line num="370" count="0" type="stmt"/>
        <line num="371" count="0" type="stmt"/>
        <line num="372" count="0" type="stmt"/>
        <line num="373" count="0" type="stmt"/>
        <line num="411" count="0" type="cond" truecount="0" falsecount="2"/>
        <line num="412" count="0" type="stmt"/>
        <line num="413" count="0" type="stmt"/>
        <line num="414" count="0" type="stmt"/>
        <line num="415" count="0" type="stmt"/>
        <line num="416" count="0" type="stmt"/>
        <line num="418" count="0" type="cond" truecount="0" falsecount="2"/>
        <line num="419" count="0" type="stmt"/>
        <line num="420" count="0" type="stmt"/>
        <line num="421" count="0" type="stmt"/>
        <line num="422" count="0" type="stmt"/>
        <line num="423" count="0" type="stmt"/>
        <line num="425" count="0" type="cond" truecount="0" falsecount="2"/>
        <line num="426" count="0" type="stmt"/>
        <line num="427" count="0" type="stmt"/>
        <line num="428" count="0" type="stmt"/>
        <line num="429" count="0" type="stmt"/>
        <line num="430" count="0" type="stmt"/>
        <line num="432" count="0" type="stmt"/>
        <line num="433" count="0" type="stmt"/>
        <line num="434" count="0" type="stmt"/>
        <line num="435" count="0" type="stmt"/>
        <line num="436" count="0" type="stmt"/>
        <line num="437" count="0" type="stmt"/>
      </file>
    </package>
    <package name="src.utils">
      <metrics statements="73" coveredstatements="71" conditionals="42" coveredconditionals="34" methods="11" coveredmethods="11"/>
      <file name="calculator.ts" path="D:\projects\breathe\src\utils\calculator.ts">
        <metrics statements="55" coveredstatements="53" conditionals="36" coveredconditionals="28" methods="7" coveredmethods="7"/>
        <line num="27" count="5" type="stmt"/>
        <line num="30" count="80" type="stmt"/>
        <line num="31" count="422" type="stmt"/>
        <line num="32" count="84" type="stmt"/>
        <line num="34" count="80" type="cond" truecount="2" falsecount="0"/>
        <line num="35" count="80" type="cond" truecount="1" falsecount="1"/>
        <line num="36" count="80" type="stmt"/>
        <line num="37" count="80" type="stmt"/>
        <line num="39" count="80" type="stmt"/>
        <line num="40" count="80" type="stmt"/>
        <line num="46" count="80" type="cond" truecount="2" falsecount="0"/>
        <line num="47" count="4" type="stmt"/>
        <line num="48" count="4" type="stmt"/>
        <line num="49" count="4" type="stmt"/>
        <line num="50" count="76" type="cond" truecount="2" falsecount="0"/>
        <line num="51" count="10" type="stmt"/>
        <line num="52" count="10" type="stmt"/>
        <line num="53" count="10" type="stmt"/>
        <line num="54" count="66" type="cond" truecount="2" falsecount="0"/>
        <line num="55" count="4" type="stmt"/>
        <line num="56" count="4" type="stmt"/>
        <line num="57" count="4" type="stmt"/>
        <line num="59" count="62" type="stmt"/>
        <line num="60" count="62" type="stmt"/>
        <line num="61" count="62" type="stmt"/>
        <line num="64" count="80" type="stmt"/>
        <line num="65" count="462" type="stmt"/>
        <line num="67" count="80" type="stmt"/>
        <line num="71" count="5" type="stmt"/>
        <line num="72" count="5" type="stmt"/>
        <line num="73" count="5" type="stmt"/>
        <line num="90" count="56" type="cond" truecount="1" falsecount="1"/>
        <line num="91" count="56" type="stmt"/>
        <line num="93" count="56" type="cond" truecount="2" falsecount="0"/>
        <line num="94" count="24" type="cond" truecount="1" falsecount="1"/>
        <line num="97" count="32" type="cond" truecount="2" falsecount="0"/>
        <line num="101" count="56" type="cond" truecount="1" falsecount="1"/>
        <line num="102" count="56" type="cond" truecount="1" falsecount="1"/>
        <line num="103" count="0" type="stmt"/>
        <line num="104" count="0" type="stmt"/>
        <line num="107" count="32" type="stmt"/>
        <line num="116" count="32" type="cond" truecount="2" falsecount="0"/>
        <line num="117" count="56" type="stmt"/>
        <line num="119" count="56" type="cond" truecount="1" falsecount="3"/>
        <line num="121" count="32" type="stmt"/>
        <line num="132" count="37" type="stmt"/>
        <line num="133" count="37" type="stmt"/>
        <line num="135" count="37" type="cond" truecount="2" falsecount="0"/>
        <line num="136" count="37" type="cond" truecount="2" falsecount="0"/>
        <line num="137" count="37" type="cond" truecount="2" falsecount="0"/>
        <line num="138" count="5" type="stmt"/>
        <line num="141" count="37" type="stmt"/>
        <line num="142" count="37" type="stmt"/>
        <line num="143" count="37" type="stmt"/>
        <line num="145" count="37" type="stmt"/>
      </file>
      <file name="history.ts" path="D:\projects\breathe\src\utils\history.ts">
        <metrics statements="18" coveredstatements="18" conditionals="6" coveredconditionals="6" methods="4" coveredmethods="4"/>
        <line num="3" count="3" type="stmt"/>
        <line num="21" count="38" type="stmt"/>
        <line num="22" count="38" type="stmt"/>
        <line num="23" count="38" type="cond" truecount="2" falsecount="0"/>
        <line num="24" count="24" type="stmt"/>
        <line num="25" count="24" type="cond" truecount="2" falsecount="0"/>
        <line num="27" count="1" type="stmt"/>
        <line num="32" count="24" type="stmt"/>
        <line num="33" count="24" type="stmt"/>
        <line num="34" count="24" type="stmt"/>
        <line num="36" count="24" type="stmt"/>
        <line num="37" count="24" type="stmt"/>
        <line num="38" count="24" type="stmt"/>
        <line num="42" count="24" type="stmt"/>
        <line num="46" count="4" type="stmt"/>
        <line num="47" count="4" type="cond" truecount="2" falsecount="0"/>
        <line num="51" count="3" type="stmt"/>
        <line num="52" count="3" type="stmt"/>
      </file>
    </package>
  </project>
</coverage>
