{"D:\\projects\\breathe\\src\\App.tsx": {"path":"D:\\projects\\breathe\\src\\App.tsx","statementMap":{"0":{"start":{"line":13,"column":20},"end":{"line":13,"column":null}},"1":{"start":{"line":29,"column":8},"end":{"line":31,"column":null}},"2":{"start":{"line":30,"column":4},"end":{"line":30,"column":null}},"3":{"start":{"line":30,"column":21},"end":{"line":30,"column":60}},"4":{"start":{"line":33,"column":8},"end":{"line":35,"column":null}},"5":{"start":{"line":34,"column":4},"end":{"line":34,"column":null}},"6":{"start":{"line":34,"column":21},"end":{"line":34,"column":65}},"7":{"start":{"line":37,"column":8},"end":{"line":44,"column":null}},"8":{"start":{"line":38,"column":4},"end":{"line":38,"column":null}},"9":{"start":{"line":38,"column":28},"end":{"line":38,"column":null}},"10":{"start":{"line":39,"column":4},"end":{"line":41,"column":null}},"11":{"start":{"line":40,"column":6},"end":{"line":40,"column":null}},"12":{"start":{"line":42,"column":10},"end":{"line":42,"column":null}},"13":{"start":{"line":43,"column":4},"end":{"line":43,"column":null}},"14":{"start":{"line":43,"column":21},"end":{"line":43,"column":61}},"15":{"start":{"line":46,"column":8},"end":{"line":52,"column":null}},"16":{"start":{"line":47,"column":4},"end":{"line":50,"column":null}},"17":{"start":{"line":48,"column":6},"end":{"line":48,"column":null}},"18":{"start":{"line":49,"column":6},"end":{"line":49,"column":null}},"19":{"start":{"line":51,"column":4},"end":{"line":51,"column":null}},"20":{"start":{"line":54,"column":8},"end":{"line":58,"column":null}},"21":{"start":{"line":55,"column":4},"end":{"line":57,"column":null}},"22":{"start":{"line":56,"column":6},"end":{"line":56,"column":null}},"23":{"start":{"line":56,"column":23},"end":{"line":56,"column":43}},"24":{"start":{"line":60,"column":2},"end":{"line":101,"column":null}},"25":{"start":{"line":67,"column":38},"end":{"line":67,"column":79}},"26":{"start":{"line":67,"column":55},"end":{"line":67,"column":75}},"27":{"start":{"line":78,"column":26},"end":{"line":78,"column":null}},"28":{"start":{"line":78,"column":43},"end":{"line":78,"column":63}},"29":{"start":{"line":86,"column":26},"end":{"line":86,"column":null}},"30":{"start":{"line":86,"column":43},"end":{"line":86,"column":63}},"31":{"start":{"line":106,"column":16},"end":{"line":112,"column":null}},"32":{"start":{"line":116,"column":2},"end":{"line":122,"column":null}},"33":{"start":{"line":117,"column":4},"end":{"line":121,"column":null}},"34":{"start":{"line":118,"column":6},"end":{"line":120,"column":null}},"35":{"start":{"line":119,"column":8},"end":{"line":119,"column":null}},"36":{"start":{"line":124,"column":2},"end":{"line":127,"column":null}}},"fnMap":{"0":{"name":"AppContent","decl":{"start":{"line":28,"column":9},"end":{"line":28,"column":20}},"loc":{"start":{"line":28,"column":58},"end":{"line":103,"column":null}},"line":28},"1":{"name":"(anonymous_1)","decl":{"start":{"line":29,"column":8},"end":{"line":29,"column":31}},"loc":{"start":{"line":29,"column":53},"end":{"line":31,"column":null}},"line":29},"2":{"name":"(anonymous_2)","decl":{"start":{"line":30,"column":4},"end":{"line":30,"column":14}},"loc":{"start":{"line":30,"column":21},"end":{"line":30,"column":60}},"line":30},"3":{"name":"(anonymous_3)","decl":{"start":{"line":33,"column":8},"end":{"line":33,"column":32}},"loc":{"start":{"line":33,"column":53},"end":{"line":35,"column":null}},"line":33},"4":{"name":"(anonymous_4)","decl":{"start":{"line":34,"column":4},"end":{"line":34,"column":14}},"loc":{"start":{"line":34,"column":21},"end":{"line":34,"column":65}},"line":34},"5":{"name":"(anonymous_5)","decl":{"start":{"line":37,"column":8},"end":{"line":37,"column":28}},"loc":{"start":{"line":37,"column":53},"end":{"line":44,"column":null}},"line":37},"6":{"name":"(anonymous_6)","decl":{"start":{"line":43,"column":4},"end":{"line":43,"column":14}},"loc":{"start":{"line":43,"column":21},"end":{"line":43,"column":61}},"line":43},"7":{"name":"(anonymous_7)","decl":{"start":{"line":46,"column":8},"end":{"line":46,"column":32}},"loc":{"start":{"line":46,"column":32},"end":{"line":52,"column":null}},"line":46},"8":{"name":"(anonymous_8)","decl":{"start":{"line":54,"column":8},"end":{"line":54,"column":34}},"loc":{"start":{"line":54,"column":34},"end":{"line":58,"column":null}},"line":54},"9":{"name":"(anonymous_9)","decl":{"start":{"line":56,"column":6},"end":{"line":56,"column":16}},"loc":{"start":{"line":56,"column":23},"end":{"line":56,"column":43}},"line":56},"10":{"name":"(anonymous_10)","decl":{"start":{"line":67,"column":23},"end":{"line":67,"column":38}},"loc":{"start":{"line":67,"column":38},"end":{"line":67,"column":79}},"line":67},"11":{"name":"(anonymous_11)","decl":{"start":{"line":67,"column":38},"end":{"line":67,"column":48}},"loc":{"start":{"line":67,"column":55},"end":{"line":67,"column":75}},"line":67},"12":{"name":"(anonymous_12)","decl":{"start":{"line":78,"column":12},"end":{"line":78,"column":26}},"loc":{"start":{"line":78,"column":26},"end":{"line":78,"column":null}},"line":78},"13":{"name":"(anonymous_13)","decl":{"start":{"line":78,"column":26},"end":{"line":78,"column":36}},"loc":{"start":{"line":78,"column":43},"end":{"line":78,"column":63}},"line":78},"14":{"name":"(anonymous_14)","decl":{"start":{"line":86,"column":12},"end":{"line":86,"column":26}},"loc":{"start":{"line":86,"column":26},"end":{"line":86,"column":null}},"line":86},"15":{"name":"(anonymous_15)","decl":{"start":{"line":86,"column":26},"end":{"line":86,"column":36}},"loc":{"start":{"line":86,"column":43},"end":{"line":86,"column":63}},"line":86},"16":{"name":"App","decl":{"start":{"line":105,"column":9},"end":{"line":105,"column":15}},"loc":{"start":{"line":105,"column":15},"end":{"line":129,"column":null}},"line":105},"17":{"name":"(anonymous_17)","decl":{"start":{"line":116,"column":2},"end":{"line":116,"column":18}},"loc":{"start":{"line":116,"column":18},"end":{"line":122,"column":5}},"line":116}},"branchMap":{"0":{"loc":{"start":{"line":38,"column":4},"end":{"line":38,"column":null}},"type":"if","locations":[{"start":{"line":38,"column":4},"end":{"line":38,"column":null}},{"start":{},"end":{}}],"line":38},"1":{"loc":{"start":{"line":55,"column":4},"end":{"line":57,"column":null}},"type":"if","locations":[{"start":{"line":55,"column":4},"end":{"line":57,"column":null}},{"start":{},"end":{}}],"line":55},"2":{"loc":{"start":{"line":66,"column":9},"end":{"line":67,"column":null}},"type":"binary-expr","locations":[{"start":{"line":66,"column":9},"end":{"line":66,"column":null}},{"start":{"line":67,"column":10},"end":{"line":67,"column":null}}],"line":66},"3":{"loc":{"start":{"line":70,"column":9},"end":{"line":71,"column":null}},"type":"binary-expr","locations":[{"start":{"line":70,"column":9},"end":{"line":70,"column":null}},{"start":{"line":71,"column":10},"end":{"line":71,"column":null}}],"line":70},"4":{"loc":{"start":{"line":74,"column":9},"end":{"line":79,"column":null}},"type":"binary-expr","locations":[{"start":{"line":74,"column":9},"end":{"line":74,"column":31}},{"start":{"line":74,"column":31},"end":{"line":74,"column":null}},{"start":{"line":75,"column":10},"end":{"line":79,"column":null}}],"line":74},"5":{"loc":{"start":{"line":82,"column":9},"end":{"line":87,"column":null}},"type":"binary-expr","locations":[{"start":{"line":82,"column":9},"end":{"line":82,"column":31}},{"start":{"line":82,"column":31},"end":{"line":82,"column":null}},{"start":{"line":83,"column":10},"end":{"line":87,"column":null}}],"line":82},"6":{"loc":{"start":{"line":90,"column":9},"end":{"line":98,"column":null}},"type":"binary-expr","locations":[{"start":{"line":90,"column":9},"end":{"line":90,"column":31}},{"start":{"line":90,"column":31},"end":{"line":90,"column":52}},{"start":{"line":90,"column":52},"end":{"line":90,"column":74}},{"start":{"line":90,"column":74},"end":{"line":90,"column":93}},{"start":{"line":90,"column":93},"end":{"line":90,"column":null}},{"start":{"line":91,"column":10},"end":{"line":98,"column":null}}],"line":90},"7":{"loc":{"start":{"line":117,"column":4},"end":{"line":121,"column":null}},"type":"if","locations":[{"start":{"line":117,"column":4},"end":{"line":121,"column":null}},{"start":{},"end":{}}],"line":117},"8":{"loc":{"start":{"line":125,"column":28},"end":{"line":125,"column":null}},"type":"binary-expr","locations":[{"start":{"line":125,"column":28},"end":{"line":125,"column":50}},{"start":{"line":125,"column":50},"end":{"line":125,"column":null}}],"line":125}},"s":{"0":1,"1":1,"2":0,"3":0,"4":1,"5":0,"6":0,"7":1,"8":0,"9":0,"10":0,"11":0,"12":0,"13":0,"14":0,"15":1,"16":0,"17":0,"18":0,"19":0,"20":1,"21":0,"22":0,"23":0,"24":1,"25":0,"26":0,"27":0,"28":0,"29":0,"30":0,"31":1,"32":1,"33":1,"34":0,"35":0,"36":1},"f":{"0":1,"1":0,"2":0,"3":0,"4":0,"5":0,"6":0,"7":0,"8":0,"9":0,"10":0,"11":0,"12":0,"13":0,"14":0,"15":0,"16":1,"17":1},"b":{"0":[0,0],"1":[0,0],"2":[1,1],"3":[1,0],"4":[1,0,0],"5":[1,0,0],"6":[1,0,0,0,0,0],"7":[0,1],"8":[1,1]},"meta":{"lastBranch":9,"lastFunction":18,"lastStatement":37,"seen":{"s:13:20:13:Infinity":0,"f:28:9:28:20":0,"s:29:8:31:Infinity":1,"f:29:8:29:31":1,"s:30:4:30:Infinity":2,"f:30:4:30:14":2,"s:30:21:30:60":3,"s:33:8:35:Infinity":4,"f:33:8:33:32":3,"s:34:4:34:Infinity":5,"f:34:4:34:14":4,"s:34:21:34:65":6,"s:37:8:44:Infinity":7,"f:37:8:37:28":5,"b:38:4:38:Infinity:undefined:undefined:undefined:undefined":0,"s:38:4:38:Infinity":8,"s:38:28:38:Infinity":9,"s:39:4:41:Infinity":10,"s:40:6:40:Infinity":11,"s:42:10:42:Infinity":12,"s:43:4:43:Infinity":13,"f:43:4:43:14":6,"s:43:21:43:61":14,"s:46:8:52:Infinity":15,"f:46:8:46:32":7,"s:47:4:50:Infinity":16,"s:48:6:48:Infinity":17,"s:49:6:49:Infinity":18,"s:51:4:51:Infinity":19,"s:54:8:58:Infinity":20,"f:54:8:54:34":8,"b:55:4:57:Infinity:undefined:undefined:undefined:undefined":1,"s:55:4:57:Infinity":21,"s:56:6:56:Infinity":22,"f:56:6:56:16":9,"s:56:23:56:43":23,"s:60:2:101:Infinity":24,"b:66:9:66:Infinity:67:10:67:Infinity":2,"f:67:23:67:38":10,"s:67:38:67:79":25,"f:67:38:67:48":11,"s:67:55:67:75":26,"b:70:9:70:Infinity:71:10:71:Infinity":3,"b:74:9:74:31:74:31:74:Infinity:75:10:79:Infinity":4,"f:78:12:78:26":12,"s:78:26:78:Infinity":27,"f:78:26:78:36":13,"s:78:43:78:63":28,"b:82:9:82:31:82:31:82:Infinity:83:10:87:Infinity":5,"f:86:12:86:26":14,"s:86:26:86:Infinity":29,"f:86:26:86:36":15,"s:86:43:86:63":30,"b:90:9:90:31:90:31:90:52:90:52:90:74:90:74:90:93:90:93:90:Infinity:91:10:98:Infinity":6,"f:105:9:105:15":16,"s:106:16:112:Infinity":31,"s:116:2:122:Infinity":32,"f:116:2:116:18":17,"b:117:4:121:Infinity:undefined:undefined:undefined:undefined":7,"s:117:4:121:Infinity":33,"s:118:6:120:Infinity":34,"s:119:8:119:Infinity":35,"s:124:2:127:Infinity":36,"b:125:28:125:50:125:50:125:Infinity":8},"fnNames":{}}}
,"D:\\projects\\breathe\\src\\translations.ts": {"path":"D:\\projects\\breathe\\src\\translations.ts","statementMap":{"0":{"start":{"line":73,"column":17},"end":{"line":267,"column":null}},"1":{"start":{"line":272,"column":17},"end":{"line":462,"column":null}},"2":{"start":{"line":467,"column":17},"end":{"line":658,"column":null}},"3":{"start":{"line":663,"column":17},"end":{"line":853,"column":null}},"4":{"start":{"line":858,"column":17},"end":{"line":1048,"column":null}},"5":{"start":{"line":1053,"column":17},"end":{"line":1239,"column":null}},"6":{"start":{"line":1244,"column":17},"end":{"line":1428,"column":null}},"7":{"start":{"line":1433,"column":17},"end":{"line":1618,"column":null}},"8":{"start":{"line":1623,"column":17},"end":{"line":1809,"column":null}},"9":{"start":{"line":1814,"column":17},"end":{"line":1999,"column":null}},"10":{"start":{"line":2004,"column":17},"end":{"line":2188,"column":null}},"11":{"start":{"line":2193,"column":17},"end":{"line":2378,"column":null}},"12":{"start":{"line":2380,"column":50},"end":{"line":2382,"column":null}}},"fnMap":{},"branchMap":{},"s":{"0":12,"1":12,"2":12,"3":12,"4":12,"5":12,"6":12,"7":12,"8":12,"9":12,"10":12,"11":12,"12":12},"f":{},"b":{},"meta":{"lastBranch":0,"lastFunction":0,"lastStatement":13,"seen":{"s:73:17:267:Infinity":0,"s:272:17:462:Infinity":1,"s:467:17:658:Infinity":2,"s:663:17:853:Infinity":3,"s:858:17:1048:Infinity":4,"s:1053:17:1239:Infinity":5,"s:1244:17:1428:Infinity":6,"s:1433:17:1618:Infinity":7,"s:1623:17:1809:Infinity":8,"s:1814:17:1999:Infinity":9,"s:2004:17:2188:Infinity":10,"s:2193:17:2378:Infinity":11,"s:2380:50:2382:Infinity":12},"fnNames":{}}}
,"D:\\projects\\breathe\\src\\components\\AIInsights.tsx": {"path":"D:\\projects\\breathe\\src\\components\\AIInsights.tsx","statementMap":{"0":{"start":{"line":15,"column":48},"end":{"line":22,"column":null}},"1":{"start":{"line":24,"column":47},"end":{"line":28,"column":null}},"2":{"start":{"line":31,"column":10},"end":{"line":31,"column":null}},"3":{"start":{"line":32,"column":18},"end":{"line":32,"column":null}},"4":{"start":{"line":33,"column":18},"end":{"line":33,"column":null}},"5":{"start":{"line":34,"column":18},"end":{"line":34,"column":null}},"6":{"start":{"line":35,"column":16},"end":{"line":35,"column":null}},"7":{"start":{"line":36,"column":22},"end":{"line":36,"column":null}},"8":{"start":{"line":38,"column":25},"end":{"line":38,"column":null}},"9":{"start":{"line":38,"column":62},"end":{"line":38,"column":90}},"10":{"start":{"line":39,"column":20},"end":{"line":39,"column":null}},"11":{"start":{"line":39,"column":52},"end":{"line":39,"column":75}},"12":{"start":{"line":40,"column":19},"end":{"line":40,"column":null}},"13":{"start":{"line":42,"column":8},"end":{"line":103,"column":null}},"14":{"start":{"line":43,"column":4},"end":{"line":43,"column":null}},"15":{"start":{"line":44,"column":4},"end":{"line":44,"column":null}},"16":{"start":{"line":45,"column":4},"end":{"line":45,"column":null}},"17":{"start":{"line":46,"column":4},"end":{"line":46,"column":null}},"18":{"start":{"line":48,"column":19},"end":{"line":48,"column":null}},"19":{"start":{"line":49,"column":4},"end":{"line":54,"column":null}},"20":{"start":{"line":50,"column":6},"end":{"line":50,"column":null}},"21":{"start":{"line":51,"column":6},"end":{"line":51,"column":null}},"22":{"start":{"line":52,"column":6},"end":{"line":52,"column":null}},"23":{"start":{"line":53,"column":6},"end":{"line":53,"column":null}},"24":{"start":{"line":56,"column":4},"end":{"line":102,"column":null}},"25":{"start":{"line":57,"column":27},"end":{"line":57,"column":null}},"26":{"start":{"line":59,"column":25},"end":{"line":70,"column":null}},"27":{"start":{"line":72,"column":23},"end":{"line":85,"column":null}},"28":{"start":{"line":87,"column":6},"end":{"line":87,"column":null}},"29":{"start":{"line":87,"column":24},"end":{"line":87,"column":null}},"30":{"start":{"line":89,"column":19},"end":{"line":89,"column":null}},"31":{"start":{"line":90,"column":19},"end":{"line":90,"column":null}},"32":{"start":{"line":91,"column":6},"end":{"line":95,"column":null}},"33":{"start":{"line":92,"column":8},"end":{"line":92,"column":null}},"34":{"start":{"line":94,"column":8},"end":{"line":94,"column":null}},"35":{"start":{"line":97,"column":6},"end":{"line":97,"column":null}},"36":{"start":{"line":98,"column":6},"end":{"line":98,"column":null}},"37":{"start":{"line":99,"column":6},"end":{"line":99,"column":null}},"38":{"start":{"line":101,"column":6},"end":{"line":101,"column":null}},"39":{"start":{"line":105,"column":2},"end":{"line":107,"column":null}},"40":{"start":{"line":106,"column":4},"end":{"line":106,"column":null}},"41":{"start":{"line":109,"column":2},"end":{"line":162,"column":null}},"42":{"start":{"line":158,"column":12},"end":{"line":158,"column":null}}},"fnMap":{"0":{"name":"AIInsights","decl":{"start":{"line":30,"column":24},"end":{"line":30,"column":35}},"loc":{"start":{"line":30,"column":93},"end":{"line":164,"column":null}},"line":30},"1":{"name":"(anonymous_1)","decl":{"start":{"line":38,"column":50},"end":{"line":38,"column":56}},"loc":{"start":{"line":38,"column":62},"end":{"line":38,"column":90}},"line":38},"2":{"name":"(anonymous_2)","decl":{"start":{"line":39,"column":40},"end":{"line":39,"column":46}},"loc":{"start":{"line":39,"column":52},"end":{"line":39,"column":75}},"line":39},"3":{"name":"(anonymous_3)","decl":{"start":{"line":42,"column":35},"end":{"line":42,"column":47}},"loc":{"start":{"line":42,"column":47},"end":{"line":103,"column":5}},"line":42},"4":{"name":"(anonymous_4)","decl":{"start":{"line":105,"column":2},"end":{"line":105,"column":18}},"loc":{"start":{"line":105,"column":18},"end":{"line":107,"column":5}},"line":105},"5":{"name":"(anonymous_5)","decl":{"start":{"line":157,"column":33},"end":{"line":157,"column":38}},"loc":{"start":{"line":158,"column":12},"end":{"line":158,"column":null}},"line":158}},"branchMap":{"0":{"loc":{"start":{"line":38,"column":25},"end":{"line":38,"column":null}},"type":"binary-expr","locations":[{"start":{"line":38,"column":25},"end":{"line":38,"column":102}},{"start":{"line":38,"column":102},"end":{"line":38,"column":null}}],"line":38},"1":{"loc":{"start":{"line":39,"column":20},"end":{"line":39,"column":null}},"type":"binary-expr","locations":[{"start":{"line":39,"column":20},"end":{"line":39,"column":87}},{"start":{"line":39,"column":87},"end":{"line":39,"column":null}}],"line":39},"2":{"loc":{"start":{"line":40,"column":19},"end":{"line":40,"column":null}},"type":"binary-expr","locations":[{"start":{"line":40,"column":19},"end":{"line":40,"column":51}},{"start":{"line":40,"column":51},"end":{"line":40,"column":null}}],"line":40},"3":{"loc":{"start":{"line":49,"column":4},"end":{"line":54,"column":null}},"type":"if","locations":[{"start":{"line":49,"column":4},"end":{"line":54,"column":null}},{"start":{},"end":{}}],"line":49},"4":{"loc":{"start":{"line":49,"column":8},"end":{"line":49,"column":47}},"type":"binary-expr","locations":[{"start":{"line":49,"column":8},"end":{"line":49,"column":19}},{"start":{"line":49,"column":19},"end":{"line":49,"column":47}}],"line":49},"5":{"loc":{"start":{"line":50,"column":17},"end":{"line":50,"column":70}},"type":"binary-expr","locations":[{"start":{"line":50,"column":17},"end":{"line":50,"column":49}},{"start":{"line":50,"column":49},"end":{"line":50,"column":70}}],"line":50},"6":{"loc":{"start":{"line":87,"column":6},"end":{"line":87,"column":null}},"type":"if","locations":[{"start":{"line":87,"column":6},"end":{"line":87,"column":null}},{"start":{},"end":{}}],"line":87},"7":{"loc":{"start":{"line":91,"column":6},"end":{"line":95,"column":null}},"type":"if","locations":[{"start":{"line":91,"column":6},"end":{"line":95,"column":null}},{"start":{"line":93,"column":13},"end":{"line":95,"column":null}}],"line":91},"8":{"loc":{"start":{"line":98,"column":17},"end":{"line":98,"column":70}},"type":"binary-expr","locations":[{"start":{"line":98,"column":17},"end":{"line":98,"column":49}},{"start":{"line":98,"column":49},"end":{"line":98,"column":70}}],"line":98},"9":{"loc":{"start":{"line":119,"column":9},"end":{"line":128,"column":null}},"type":"binary-expr","locations":[{"start":{"line":119,"column":9},"end":{"line":119,"column":null}},{"start":{"line":120,"column":10},"end":{"line":128,"column":null}}],"line":119},"10":{"loc":{"start":{"line":131,"column":7},"end":{"line":140,"column":null}},"type":"binary-expr","locations":[{"start":{"line":131,"column":7},"end":{"line":131,"column":null}},{"start":{"line":132,"column":8},"end":{"line":140,"column":null}}],"line":131},"11":{"loc":{"start":{"line":144,"column":7},"end":{"line":160,"column":null}},"type":"binary-expr","locations":[{"start":{"line":144,"column":7},"end":{"line":144,"column":19}},{"start":{"line":144,"column":19},"end":{"line":144,"column":null}},{"start":{"line":145,"column":8},"end":{"line":160,"column":null}}],"line":144},"12":{"loc":{"start":{"line":146,"column":11},"end":{"line":150,"column":null}},"type":"binary-expr","locations":[{"start":{"line":146,"column":11},"end":{"line":146,"column":null}},{"start":{"line":147,"column":12},"end":{"line":150,"column":null}}],"line":146},"13":{"loc":{"start":{"line":152,"column":11},"end":{"line":155,"column":null}},"type":"binary-expr","locations":[{"start":{"line":152,"column":11},"end":{"line":152,"column":20}},{"start":{"line":152,"column":20},"end":{"line":152,"column":null}},{"start":{"line":153,"column":12},"end":{"line":155,"column":null}}],"line":152}},"s":{"0":1,"1":1,"2":4,"3":4,"4":4,"5":4,"6":4,"7":4,"8":4,"9":24,"10":4,"11":4,"12":4,"13":4,"14":2,"15":2,"16":2,"17":2,"18":2,"19":2,"20":1,"21":1,"22":1,"23":1,"24":1,"25":1,"26":1,"27":1,"28":1,"29":0,"30":1,"31":1,"32":2,"33":1,"34":0,"35":0,"36":0,"37":0,"38":1,"39":4,"40":2,"41":4,"42":2},"f":{"0":4,"1":24,"2":4,"3":2,"4":2,"5":2},"b":{"0":[4,0],"1":[4,0],"2":[4,0],"3":[1,1],"4":[2,1],"5":[1,0],"6":[0,1],"7":[1,0],"8":[0,0],"9":[4,2],"10":[4,2],"11":[4,2,2],"12":[2,1],"13":[2,0,0]},"meta":{"lastBranch":14,"lastFunction":6,"lastStatement":43,"seen":{"s:15:48:22:Infinity":0,"s:24:47:28:Infinity":1,"f:30:24:30:35":0,"s:31:10:31:Infinity":2,"s:32:18:32:Infinity":3,"s:33:18:33:Infinity":4,"s:34:18:34:Infinity":5,"s:35:16:35:Infinity":6,"s:36:22:36:Infinity":7,"s:38:25:38:Infinity":8,"b:38:25:38:102:38:102:38:Infinity":0,"f:38:50:38:56":1,"s:38:62:38:90":9,"s:39:20:39:Infinity":10,"b:39:20:39:87:39:87:39:Infinity":1,"f:39:40:39:46":2,"s:39:52:39:75":11,"s:40:19:40:Infinity":12,"b:40:19:40:51:40:51:40:Infinity":2,"s:42:8:103:Infinity":13,"f:42:35:42:47":3,"s:43:4:43:Infinity":14,"s:44:4:44:Infinity":15,"s:45:4:45:Infinity":16,"s:46:4:46:Infinity":17,"s:48:19:48:Infinity":18,"b:49:4:54:Infinity:undefined:undefined:undefined:undefined":3,"s:49:4:54:Infinity":19,"b:49:8:49:19:49:19:49:47":4,"s:50:6:50:Infinity":20,"b:50:17:50:49:50:49:50:70":5,"s:51:6:51:Infinity":21,"s:52:6:52:Infinity":22,"s:53:6:53:Infinity":23,"s:56:4:102:Infinity":24,"s:57:27:57:Infinity":25,"s:59:25:70:Infinity":26,"s:72:23:85:Infinity":27,"b:87:6:87:Infinity:undefined:undefined:undefined:undefined":6,"s:87:6:87:Infinity":28,"s:87:24:87:Infinity":29,"s:89:19:89:Infinity":30,"s:90:19:90:Infinity":31,"b:91:6:95:Infinity:93:13:95:Infinity":7,"s:91:6:95:Infinity":32,"s:92:8:92:Infinity":33,"s:94:8:94:Infinity":34,"s:97:6:97:Infinity":35,"s:98:6:98:Infinity":36,"b:98:17:98:49:98:49:98:70":8,"s:99:6:99:Infinity":37,"s:101:6:101:Infinity":38,"s:105:2:107:Infinity":39,"f:105:2:105:18":4,"s:106:4:106:Infinity":40,"s:109:2:162:Infinity":41,"b:119:9:119:Infinity:120:10:128:Infinity":9,"b:131:7:131:Infinity:132:8:140:Infinity":10,"b:144:7:144:19:144:19:144:Infinity:145:8:160:Infinity":11,"b:146:11:146:Infinity:147:12:150:Infinity":12,"b:152:11:152:20:152:20:152:Infinity:153:12:155:Infinity":13,"f:157:33:157:38":5,"s:158:12:158:Infinity":42},"fnNames":{}}}
,"D:\\projects\\breathe\\src\\components\\ChatBot.tsx": {"path":"D:\\projects\\breathe\\src\\components\\ChatBot.tsx","statementMap":{"0":{"start":{"line":22,"column":47},"end":{"line":26,"column":null}},"1":{"start":{"line":28,"column":64},"end":{"line":41,"column":null}},"2":{"start":{"line":44,"column":10},"end":{"line":44,"column":null}},"3":{"start":{"line":45,"column":18},"end":{"line":45,"column":null}},"4":{"start":{"line":46,"column":19},"end":{"line":46,"column":null}},"5":{"start":{"line":47,"column":24},"end":{"line":47,"column":null}},"6":{"start":{"line":48,"column":25},"end":{"line":48,"column":null}},"7":{"start":{"line":49,"column":20},"end":{"line":49,"column":null}},"8":{"start":{"line":50,"column":27},"end":{"line":50,"column":null}},"9":{"start":{"line":52,"column":19},"end":{"line":52,"column":null}},"10":{"start":{"line":53,"column":16},"end":{"line":53,"column":null}},"11":{"start":{"line":54,"column":18},"end":{"line":54,"column":null}},"12":{"start":{"line":55,"column":22},"end":{"line":55,"column":null}},"13":{"start":{"line":56,"column":26},"end":{"line":56,"column":null}},"14":{"start":{"line":57,"column":8},"end":{"line":57,"column":null}},"15":{"start":{"line":58,"column":8},"end":{"line":58,"column":null}},"16":{"start":{"line":60,"column":37},"end":{"line":60,"column":null}},"17":{"start":{"line":62,"column":23},"end":{"line":80,"column":null}},"18":{"start":{"line":98,"column":23},"end":{"line":98,"column":null}},"19":{"start":{"line":107,"column":4},"end":{"line":145,"column":null}},"20":{"start":{"line":107,"column":23},"end":{"line":107,"column":26}},"21":{"start":{"line":108,"column":23},"end":{"line":122,"column":null}},"22":{"start":{"line":124,"column":6},"end":{"line":129,"column":null}},"23":{"start":{"line":125,"column":27},"end":{"line":125,"column":null}},"24":{"start":{"line":126,"column":8},"end":{"line":126,"column":null}},"25":{"start":{"line":127,"column":8},"end":{"line":127,"column":null}},"26":{"start":{"line":127,"column":33},"end":{"line":127,"column":65}},"27":{"start":{"line":128,"column":8},"end":{"line":128,"column":null}},"28":{"start":{"line":131,"column":6},"end":{"line":139,"column":null}},"29":{"start":{"line":132,"column":20},"end":{"line":132,"column":null}},"30":{"start":{"line":132,"column":55},"end":{"line":132,"column":58}},"31":{"start":{"line":133,"column":8},"end":{"line":133,"column":null}},"32":{"start":{"line":134,"column":8},"end":{"line":138,"column":null}},"33":{"start":{"line":141,"column":19},"end":{"line":141,"column":null}},"34":{"start":{"line":142,"column":19},"end":{"line":142,"column":null}},"35":{"start":{"line":143,"column":6},"end":{"line":143,"column":null}},"36":{"start":{"line":143,"column":16},"end":{"line":143,"column":null}},"37":{"start":{"line":144,"column":6},"end":{"line":144,"column":null}},"38":{"start":{"line":146,"column":4},"end":{"line":146,"column":null}},"39":{"start":{"line":150,"column":4},"end":{"line":150,"column":null}},"40":{"start":{"line":150,"column":45},"end":{"line":150,"column":null}},"41":{"start":{"line":151,"column":4},"end":{"line":151,"column":null}},"42":{"start":{"line":153,"column":4},"end":{"line":153,"column":null}},"43":{"start":{"line":153,"column":40},"end":{"line":153,"column":null}},"44":{"start":{"line":155,"column":27},"end":{"line":158,"column":null}},"45":{"start":{"line":160,"column":4},"end":{"line":160,"column":null}},"46":{"start":{"line":160,"column":25},"end":{"line":160,"column":null}},"47":{"start":{"line":162,"column":29},"end":{"line":162,"column":null}},"48":{"start":{"line":163,"column":28},"end":{"line":163,"column":null}},"49":{"start":{"line":164,"column":4},"end":{"line":164,"column":null}},"50":{"start":{"line":165,"column":4},"end":{"line":165,"column":null}},"51":{"start":{"line":166,"column":4},"end":{"line":166,"column":null}},"52":{"start":{"line":168,"column":19},"end":{"line":168,"column":null}},"53":{"start":{"line":169,"column":4},"end":{"line":171,"column":null}},"54":{"start":{"line":170,"column":6},"end":{"line":170,"column":null}},"55":{"start":{"line":173,"column":4},"end":{"line":180,"column":null}},"56":{"start":{"line":174,"column":6},"end":{"line":178,"column":null}},"57":{"start":{"line":175,"column":8},"end":{"line":175,"column":null}},"58":{"start":{"line":176,"column":8},"end":{"line":176,"column":null}},"59":{"start":{"line":177,"column":8},"end":{"line":177,"column":null}},"60":{"start":{"line":179,"column":6},"end":{"line":179,"column":null}},"61":{"start":{"line":182,"column":4},"end":{"line":199,"column":null}},"62":{"start":{"line":183,"column":23},"end":{"line":186,"column":null}},"63":{"start":{"line":183,"column":51},"end":{"line":186,"column":8}},"64":{"start":{"line":187,"column":19},"end":{"line":187,"column":null}},"65":{"start":{"line":188,"column":6},"end":{"line":188,"column":null}},"66":{"start":{"line":190,"column":6},"end":{"line":190,"column":null}},"67":{"start":{"line":191,"column":26},"end":{"line":191,"column":null}},"68":{"start":{"line":192,"column":23},"end":{"line":194,"column":null}},"69":{"start":{"line":195,"column":6},"end":{"line":195,"column":null}},"70":{"start":{"line":196,"column":6},"end":{"line":196,"column":null}},"71":{"start":{"line":196,"column":24},"end":{"line":196,"column":null}},"72":{"start":{"line":198,"column":6},"end":{"line":198,"column":null}},"73":{"start":{"line":203,"column":4},"end":{"line":203,"column":null}},"74":{"start":{"line":206,"column":2},"end":{"line":241,"column":null}},"75":{"start":{"line":207,"column":4},"end":{"line":207,"column":null}},"76":{"start":{"line":207,"column":29},"end":{"line":207,"column":null}},"77":{"start":{"line":209,"column":20},"end":{"line":209,"column":null}},"78":{"start":{"line":210,"column":19},"end":{"line":210,"column":null}},"79":{"start":{"line":211,"column":4},"end":{"line":213,"column":null}},"80":{"start":{"line":212,"column":6},"end":{"line":212,"column":null}},"81":{"start":{"line":215,"column":18},"end":{"line":215,"column":null}},"82":{"start":{"line":217,"column":4},"end":{"line":221,"column":null}},"83":{"start":{"line":218,"column":6},"end":{"line":218,"column":null}},"84":{"start":{"line":219,"column":6},"end":{"line":219,"column":null}},"85":{"start":{"line":220,"column":6},"end":{"line":220,"column":null}},"86":{"start":{"line":223,"column":4},"end":{"line":223,"column":null}},"87":{"start":{"line":225,"column":4},"end":{"line":239,"column":null}},"88":{"start":{"line":232,"column":8},"end":{"line":232,"column":null}},"89":{"start":{"line":235,"column":8},"end":{"line":235,"column":null}},"90":{"start":{"line":236,"column":8},"end":{"line":236,"column":null}},"91":{"start":{"line":237,"column":8},"end":{"line":237,"column":null}},"92":{"start":{"line":239,"column":21},"end":{"line":239,"column":38}},"93":{"start":{"line":243,"column":2},"end":{"line":245,"column":null}},"94":{"start":{"line":244,"column":4},"end":{"line":244,"column":null}},"95":{"start":{"line":247,"column":20},"end":{"line":247,"column":null}},"96":{"start":{"line":249,"column":2},"end":{"line":346,"column":null}},"97":{"start":{"line":265,"column":10},"end":{"line":284,"column":null}},"98":{"start":{"line":281,"column":16},"end":{"line":281,"column":null}},"99":{"start":{"line":307,"column":12},"end":{"line":313,"column":null}},"100":{"start":{"line":309,"column":29},"end":{"line":309,"column":null}},"101":{"start":{"line":322,"column":12},"end":{"line":322,"column":null}},"102":{"start":{"line":323,"column":12},"end":{"line":323,"column":null}},"103":{"start":{"line":331,"column":29},"end":{"line":331,"column":null}}},"fnMap":{"0":{"name":"ChatBot","decl":{"start":{"line":43,"column":24},"end":{"line":43,"column":32}},"loc":{"start":{"line":43,"column":100},"end":{"line":348,"column":null}},"line":43},"1":{"name":"callGemini","decl":{"start":{"line":100,"column":17},"end":{"line":100,"column":null}},"loc":{"start":{"line":106,"column":21},"end":{"line":147,"column":null}},"line":106},"2":{"name":"(anonymous_2)","decl":{"start":{"line":127,"column":18},"end":{"line":127,"column":27}},"loc":{"start":{"line":127,"column":33},"end":{"line":127,"column":65}},"line":127},"3":{"name":"(anonymous_3)","decl":{"start":{"line":132,"column":42},"end":{"line":132,"column":55}},"loc":{"start":{"line":132,"column":55},"end":{"line":132,"column":58}},"line":132},"4":{"name":"sendMessage","decl":{"start":{"line":149,"column":17},"end":{"line":149,"column":29}},"loc":{"start":{"line":149,"column":50},"end":{"line":200,"column":null}},"line":149},"5":{"name":"(anonymous_5)","decl":{"start":{"line":174,"column":6},"end":{"line":174,"column":23}},"loc":{"start":{"line":174,"column":23},"end":{"line":178,"column":9}},"line":174},"6":{"name":"(anonymous_6)","decl":{"start":{"line":183,"column":39},"end":{"line":183,"column":44}},"loc":{"start":{"line":183,"column":51},"end":{"line":186,"column":8}},"line":183},"7":{"name":"localOpening","decl":{"start":{"line":202,"column":11},"end":{"line":202,"column":34}},"loc":{"start":{"line":202,"column":34},"end":{"line":204,"column":null}},"line":202},"8":{"name":"(anonymous_8)","decl":{"start":{"line":206,"column":2},"end":{"line":206,"column":18}},"loc":{"start":{"line":206,"column":18},"end":{"line":241,"column":5}},"line":206},"9":{"name":"(anonymous_9)","decl":{"start":{"line":231,"column":7},"end":{"line":231,"column":13}},"loc":{"start":{"line":231,"column":22},"end":{"line":233,"column":7}},"line":231},"10":{"name":"(anonymous_10)","decl":{"start":{"line":234,"column":7},"end":{"line":234,"column":14}},"loc":{"start":{"line":234,"column":22},"end":{"line":238,"column":7}},"line":234},"11":{"name":"(anonymous_11)","decl":{"start":{"line":239,"column":7},"end":{"line":239,"column":21}},"loc":{"start":{"line":239,"column":21},"end":{"line":239,"column":38}},"line":239},"12":{"name":"(anonymous_12)","decl":{"start":{"line":243,"column":2},"end":{"line":243,"column":18}},"loc":{"start":{"line":243,"column":18},"end":{"line":245,"column":5}},"line":243},"13":{"name":"(anonymous_13)","decl":{"start":{"line":264,"column":18},"end":{"line":264,"column":23}},"loc":{"start":{"line":265,"column":10},"end":{"line":284,"column":null}},"line":265},"14":{"name":"(anonymous_14)","decl":{"start":{"line":280,"column":41},"end":{"line":280,"column":46}},"loc":{"start":{"line":281,"column":16},"end":{"line":281,"column":null}},"line":281},"15":{"name":"(anonymous_15)","decl":{"start":{"line":306,"column":20},"end":{"line":306,"column":25}},"loc":{"start":{"line":307,"column":12},"end":{"line":313,"column":null}},"line":307},"16":{"name":"(anonymous_16)","decl":{"start":{"line":309,"column":14},"end":{"line":309,"column":29}},"loc":{"start":{"line":309,"column":29},"end":{"line":309,"column":null}},"line":309},"17":{"name":"(anonymous_17)","decl":{"start":{"line":321,"column":10},"end":{"line":321,"column":21}},"loc":{"start":{"line":321,"column":27},"end":{"line":324,"column":null}},"line":321},"18":{"name":"(anonymous_18)","decl":{"start":{"line":331,"column":12},"end":{"line":331,"column":23}},"loc":{"start":{"line":331,"column":29},"end":{"line":331,"column":null}},"line":331}},"branchMap":{"0":{"loc":{"start":{"line":46,"column":19},"end":{"line":46,"column":null}},"type":"binary-expr","locations":[{"start":{"line":46,"column":19},"end":{"line":46,"column":51}},{"start":{"line":46,"column":51},"end":{"line":46,"column":null}}],"line":46},"1":{"loc":{"start":{"line":47,"column":24},"end":{"line":47,"column":null}},"type":"binary-expr","locations":[{"start":{"line":47,"column":24},"end":{"line":47,"column":86}},{"start":{"line":47,"column":86},"end":{"line":47,"column":null}}],"line":47},"2":{"loc":{"start":{"line":64,"column":39},"end":{"line":64,"column":79}},"type":"cond-expr","locations":[{"start":{"line":64,"column":50},"end":{"line":64,"column":76}},{"start":{"line":64,"column":76},"end":{"line":64,"column":79}}],"line":64},"3":{"loc":{"start":{"line":105,"column":4},"end":{"line":105,"column":null}},"type":"default-arg","locations":[{"start":{"line":105,"column":14},"end":{"line":105,"column":null}}],"line":105},"4":{"loc":{"start":{"line":124,"column":6},"end":{"line":129,"column":null}},"type":"if","locations":[{"start":{"line":124,"column":6},"end":{"line":129,"column":null}},{"start":{},"end":{}}],"line":124},"5":{"loc":{"start":{"line":124,"column":10},"end":{"line":124,"column":60}},"type":"binary-expr","locations":[{"start":{"line":124,"column":10},"end":{"line":124,"column":37}},{"start":{"line":124,"column":37},"end":{"line":124,"column":60}}],"line":124},"6":{"loc":{"start":{"line":131,"column":6},"end":{"line":139,"column":null}},"type":"if","locations":[{"start":{"line":131,"column":6},"end":{"line":139,"column":null}},{"start":{},"end":{}}],"line":131},"7":{"loc":{"start":{"line":135,"column":10},"end":{"line":137,"column":null}},"type":"cond-expr","locations":[{"start":{"line":136,"column":14},"end":{"line":136,"column":null}},{"start":{"line":137,"column":14},"end":{"line":137,"column":null}}],"line":135},"8":{"loc":{"start":{"line":143,"column":6},"end":{"line":143,"column":null}},"type":"if","locations":[{"start":{"line":143,"column":6},"end":{"line":143,"column":null}},{"start":{},"end":{}}],"line":143},"9":{"loc":{"start":{"line":150,"column":4},"end":{"line":150,"column":null}},"type":"if","locations":[{"start":{"line":150,"column":4},"end":{"line":150,"column":null}},{"start":{},"end":{}}],"line":150},"10":{"loc":{"start":{"line":153,"column":4},"end":{"line":153,"column":null}},"type":"if","locations":[{"start":{"line":153,"column":4},"end":{"line":153,"column":null}},{"start":{},"end":{}}],"line":153},"11":{"loc":{"start":{"line":153,"column":8},"end":{"line":153,"column":40}},"type":"binary-expr","locations":[{"start":{"line":153,"column":8},"end":{"line":153,"column":31}},{"start":{"line":153,"column":31},"end":{"line":153,"column":40}}],"line":153},"12":{"loc":{"start":{"line":160,"column":4},"end":{"line":160,"column":null}},"type":"if","locations":[{"start":{"line":160,"column":4},"end":{"line":160,"column":null}},{"start":{},"end":{}}],"line":160},"13":{"loc":{"start":{"line":169,"column":4},"end":{"line":171,"column":null}},"type":"if","locations":[{"start":{"line":169,"column":4},"end":{"line":171,"column":null}},{"start":{},"end":{}}],"line":169},"14":{"loc":{"start":{"line":169,"column":8},"end":{"line":169,"column":39}},"type":"binary-expr","locations":[{"start":{"line":169,"column":8},"end":{"line":169,"column":19}},{"start":{"line":169,"column":19},"end":{"line":169,"column":39}}],"line":169},"15":{"loc":{"start":{"line":173,"column":4},"end":{"line":180,"column":null}},"type":"if","locations":[{"start":{"line":173,"column":4},"end":{"line":180,"column":null}},{"start":{},"end":{}}],"line":173},"16":{"loc":{"start":{"line":173,"column":8},"end":{"line":173,"column":69}},"type":"binary-expr","locations":[{"start":{"line":173,"column":8},"end":{"line":173,"column":19}},{"start":{"line":173,"column":19},"end":{"line":173,"column":49}},{"start":{"line":173,"column":49},"end":{"line":173,"column":69}}],"line":173},"17":{"loc":{"start":{"line":184,"column":14},"end":{"line":184,"column":null}},"type":"cond-expr","locations":[{"start":{"line":184,"column":39},"end":{"line":184,"column":49}},{"start":{"line":184,"column":49},"end":{"line":184,"column":null}}],"line":184},"18":{"loc":{"start":{"line":191,"column":26},"end":{"line":191,"column":null}},"type":"binary-expr","locations":[{"start":{"line":191,"column":26},"end":{"line":191,"column":50}},{"start":{"line":191,"column":50},"end":{"line":191,"column":null}}],"line":191},"19":{"loc":{"start":{"line":192,"column":23},"end":{"line":194,"column":null}},"type":"cond-expr","locations":[{"start":{"line":193,"column":10},"end":{"line":193,"column":null}},{"start":{"line":194,"column":10},"end":{"line":194,"column":null}}],"line":192},"20":{"loc":{"start":{"line":196,"column":6},"end":{"line":196,"column":null}},"type":"if","locations":[{"start":{"line":196,"column":6},"end":{"line":196,"column":null}},{"start":{},"end":{}}],"line":196},"21":{"loc":{"start":{"line":207,"column":4},"end":{"line":207,"column":null}},"type":"if","locations":[{"start":{"line":207,"column":4},"end":{"line":207,"column":null}},{"start":{},"end":{}}],"line":207},"22":{"loc":{"start":{"line":211,"column":4},"end":{"line":213,"column":null}},"type":"if","locations":[{"start":{"line":211,"column":4},"end":{"line":213,"column":null}},{"start":{},"end":{}}],"line":211},"23":{"loc":{"start":{"line":211,"column":8},"end":{"line":211,"column":39}},"type":"binary-expr","locations":[{"start":{"line":211,"column":8},"end":{"line":211,"column":19}},{"start":{"line":211,"column":19},"end":{"line":211,"column":39}}],"line":211},"24":{"loc":{"start":{"line":215,"column":18},"end":{"line":215,"column":null}},"type":"binary-expr","locations":[{"start":{"line":215,"column":18},"end":{"line":215,"column":29}},{"start":{"line":215,"column":29},"end":{"line":215,"column":59}},{"start":{"line":215,"column":59},"end":{"line":215,"column":null}}],"line":215},"25":{"loc":{"start":{"line":217,"column":4},"end":{"line":221,"column":null}},"type":"if","locations":[{"start":{"line":217,"column":4},"end":{"line":221,"column":null}},{"start":{},"end":{}}],"line":217},"26":{"loc":{"start":{"line":247,"column":20},"end":{"line":247,"column":null}},"type":"binary-expr","locations":[{"start":{"line":247,"column":20},"end":{"line":247,"column":44}},{"start":{"line":247,"column":44},"end":{"line":247,"column":null}}],"line":247},"27":{"loc":{"start":{"line":257,"column":9},"end":{"line":258,"column":null}},"type":"binary-expr","locations":[{"start":{"line":257,"column":9},"end":{"line":257,"column":null}},{"start":{"line":258,"column":10},"end":{"line":258,"column":null}}],"line":257},"28":{"loc":{"start":{"line":265,"column":42},"end":{"line":265,"column":null}},"type":"cond-expr","locations":[{"start":{"line":265,"column":64},"end":{"line":265,"column":80}},{"start":{"line":265,"column":80},"end":{"line":265,"column":null}}],"line":265},"29":{"loc":{"start":{"line":267,"column":90},"end":{"line":269,"column":null}},"type":"cond-expr","locations":[{"start":{"line":268,"column":18},"end":{"line":268,"column":null}},{"start":{"line":269,"column":18},"end":{"line":269,"column":null}}],"line":267},"30":{"loc":{"start":{"line":272,"column":15},"end":{"line":280,"column":19}},"type":"binary-expr","locations":[{"start":{"line":272,"column":15},"end":{"line":272,"column":null}},{"start":{"line":273,"column":16},"end":{"line":280,"column":19}}],"line":272},"31":{"loc":{"start":{"line":281,"column":38},"end":{"line":281,"column":60}},"type":"cond-expr","locations":[{"start":{"line":281,"column":46},"end":{"line":281,"column":55}},{"start":{"line":281,"column":55},"end":{"line":281,"column":60}}],"line":281},"32":{"loc":{"start":{"line":287,"column":9},"end":{"line":297,"column":null}},"type":"binary-expr","locations":[{"start":{"line":287,"column":9},"end":{"line":287,"column":null}},{"start":{"line":288,"column":10},"end":{"line":297,"column":null}}],"line":287},"33":{"loc":{"start":{"line":304,"column":7},"end":{"line":315,"column":null}},"type":"binary-expr","locations":[{"start":{"line":304,"column":7},"end":{"line":304,"column":null}},{"start":{"line":305,"column":8},"end":{"line":315,"column":null}}],"line":304},"34":{"loc":{"start":{"line":338,"column":22},"end":{"line":338,"column":null}},"type":"binary-expr","locations":[{"start":{"line":338,"column":22},"end":{"line":338,"column":33}},{"start":{"line":338,"column":33},"end":{"line":338,"column":null}}],"line":338}},"s":{"0":3,"1":3,"2":15,"3":15,"4":15,"5":15,"6":15,"7":15,"8":15,"9":15,"10":15,"11":15,"12":15,"13":15,"14":15,"15":15,"16":15,"17":15,"18":15,"19":5,"20":5,"21":5,"22":2,"23":0,"24":0,"25":0,"26":0,"27":0,"28":2,"29":0,"30":0,"31":0,"32":0,"33":2,"34":2,"35":5,"36":2,"37":0,"38":0,"39":1,"40":0,"41":1,"42":1,"43":0,"44":1,"45":1,"46":0,"47":1,"48":1,"49":1,"50":1,"51":1,"52":1,"53":1,"54":0,"55":1,"56":0,"57":0,"58":0,"59":0,"60":0,"61":1,"62":1,"63":2,"64":1,"65":1,"66":0,"67":0,"68":0,"69":0,"70":0,"71":0,"72":1,"73":5,"74":15,"75":5,"76":0,"77":5,"78":5,"79":5,"80":1,"81":5,"82":5,"83":1,"84":1,"85":1,"86":4,"87":4,"88":1,"89":0,"90":0,"91":0,"92":1,"93":15,"94":13,"95":15,"96":15,"97":8,"98":8,"99":32,"100":0,"101":1,"102":1,"103":1},"f":{"0":15,"1":5,"2":0,"3":0,"4":1,"5":0,"6":2,"7":5,"8":5,"9":1,"10":0,"11":1,"12":13,"13":8,"14":8,"15":32,"16":0,"17":1,"18":1},"b":{"0":[15,0],"1":[15,0],"2":[2,13],"3":[5],"4":[0,2],"5":[2,0],"6":[0,2],"7":[0,0],"8":[2,3],"9":[0,1],"10":[0,1],"11":[1,1],"12":[0,1],"13":[0,1],"14":[1,1],"15":[0,1],"16":[1,1,1],"17":[1,1],"18":[0,0],"19":[0,0],"20":[0,0],"21":[0,5],"22":[1,4],"23":[5,4],"24":[5,4,4],"25":[1,4],"26":[15,13],"27":[15,1],"28":[2,6],"29":[2,6],"30":[8,6],"31":[0,8],"32":[15,6],"33":[15,8],"34":[15,9]},"meta":{"lastBranch":35,"lastFunction":19,"lastStatement":104,"seen":{"s:22:47:26:Infinity":0,"s:28:64:41:Infinity":1,"f:43:24:43:32":0,"s:44:10:44:Infinity":2,"s:45:18:45:Infinity":3,"s:46:19:46:Infinity":4,"b:46:19:46:51:46:51:46:Infinity":0,"s:47:24:47:Infinity":5,"b:47:24:47:86:47:86:47:Infinity":1,"s:48:25:48:Infinity":6,"s:49:20:49:Infinity":7,"s:50:27:50:Infinity":8,"s:52:19:52:Infinity":9,"s:53:16:53:Infinity":10,"s:54:18:54:Infinity":11,"s:55:22:55:Infinity":12,"s:56:26:56:Infinity":13,"s:57:8:57:Infinity":14,"s:58:8:58:Infinity":15,"s:60:37:60:Infinity":16,"s:62:23:80:Infinity":17,"b:64:50:64:76:64:76:64:79":2,"s:98:23:98:Infinity":18,"f:100:17:100:Infinity":1,"b:105:14:105:Infinity":3,"s:107:4:145:Infinity":19,"s:107:23:107:26":20,"s:108:23:122:Infinity":21,"b:124:6:129:Infinity:undefined:undefined:undefined:undefined":4,"s:124:6:129:Infinity":22,"b:124:10:124:37:124:37:124:60":5,"s:125:27:125:Infinity":23,"s:126:8:126:Infinity":24,"s:127:8:127:Infinity":25,"f:127:18:127:27":2,"s:127:33:127:65":26,"s:128:8:128:Infinity":27,"b:131:6:139:Infinity:undefined:undefined:undefined:undefined":6,"s:131:6:139:Infinity":28,"s:132:20:132:Infinity":29,"f:132:42:132:55":3,"s:132:55:132:58":30,"s:133:8:133:Infinity":31,"s:134:8:138:Infinity":32,"b:136:14:136:Infinity:137:14:137:Infinity":7,"s:141:19:141:Infinity":33,"s:142:19:142:Infinity":34,"b:143:6:143:Infinity:undefined:undefined:undefined:undefined":8,"s:143:6:143:Infinity":35,"s:143:16:143:Infinity":36,"s:144:6:144:Infinity":37,"s:146:4:146:Infinity":38,"f:149:17:149:29":4,"b:150:4:150:Infinity:undefined:undefined:undefined:undefined":9,"s:150:4:150:Infinity":39,"s:150:45:150:Infinity":40,"s:151:4:151:Infinity":41,"b:153:4:153:Infinity:undefined:undefined:undefined:undefined":10,"s:153:4:153:Infinity":42,"b:153:8:153:31:153:31:153:40":11,"s:153:40:153:Infinity":43,"s:155:27:158:Infinity":44,"b:160:4:160:Infinity:undefined:undefined:undefined:undefined":12,"s:160:4:160:Infinity":45,"s:160:25:160:Infinity":46,"s:162:29:162:Infinity":47,"s:163:28:163:Infinity":48,"s:164:4:164:Infinity":49,"s:165:4:165:Infinity":50,"s:166:4:166:Infinity":51,"s:168:19:168:Infinity":52,"b:169:4:171:Infinity:undefined:undefined:undefined:undefined":13,"s:169:4:171:Infinity":53,"b:169:8:169:19:169:19:169:39":14,"s:170:6:170:Infinity":54,"b:173:4:180:Infinity:undefined:undefined:undefined:undefined":15,"s:173:4:180:Infinity":55,"b:173:8:173:19:173:19:173:49:173:49:173:69":16,"s:174:6:178:Infinity":56,"f:174:6:174:23":5,"s:175:8:175:Infinity":57,"s:176:8:176:Infinity":58,"s:177:8:177:Infinity":59,"s:179:6:179:Infinity":60,"s:182:4:199:Infinity":61,"s:183:23:186:Infinity":62,"f:183:39:183:44":6,"s:183:51:186:8":63,"b:184:39:184:49:184:49:184:Infinity":17,"s:187:19:187:Infinity":64,"s:188:6:188:Infinity":65,"s:190:6:190:Infinity":66,"s:191:26:191:Infinity":67,"b:191:26:191:50:191:50:191:Infinity":18,"s:192:23:194:Infinity":68,"b:193:10:193:Infinity:194:10:194:Infinity":19,"s:195:6:195:Infinity":69,"b:196:6:196:Infinity:undefined:undefined:undefined:undefined":20,"s:196:6:196:Infinity":70,"s:196:24:196:Infinity":71,"s:198:6:198:Infinity":72,"f:202:11:202:34":7,"s:203:4:203:Infinity":73,"s:206:2:241:Infinity":74,"f:206:2:206:18":8,"b:207:4:207:Infinity:undefined:undefined:undefined:undefined":21,"s:207:4:207:Infinity":75,"s:207:29:207:Infinity":76,"s:209:20:209:Infinity":77,"s:210:19:210:Infinity":78,"b:211:4:213:Infinity:undefined:undefined:undefined:undefined":22,"s:211:4:213:Infinity":79,"b:211:8:211:19:211:19:211:39":23,"s:212:6:212:Infinity":80,"s:215:18:215:Infinity":81,"b:215:18:215:29:215:29:215:59:215:59:215:Infinity":24,"b:217:4:221:Infinity:undefined:undefined:undefined:undefined":25,"s:217:4:221:Infinity":82,"s:218:6:218:Infinity":83,"s:219:6:219:Infinity":84,"s:220:6:220:Infinity":85,"s:223:4:223:Infinity":86,"s:225:4:239:Infinity":87,"f:231:7:231:13":9,"s:232:8:232:Infinity":88,"f:234:7:234:14":10,"s:235:8:235:Infinity":89,"s:236:8:236:Infinity":90,"s:237:8:237:Infinity":91,"f:239:7:239:21":11,"s:239:21:239:38":92,"s:243:2:245:Infinity":93,"f:243:2:243:18":12,"s:244:4:244:Infinity":94,"s:247:20:247:Infinity":95,"b:247:20:247:44:247:44:247:Infinity":26,"s:249:2:346:Infinity":96,"b:257:9:257:Infinity:258:10:258:Infinity":27,"f:264:18:264:23":13,"s:265:10:284:Infinity":97,"b:265:64:265:80:265:80:265:Infinity":28,"b:268:18:268:Infinity:269:18:269:Infinity":29,"b:272:15:272:Infinity:273:16:280:19":30,"f:280:41:280:46":14,"s:281:16:281:Infinity":98,"b:281:46:281:55:281:55:281:60":31,"b:287:9:287:Infinity:288:10:297:Infinity":32,"b:304:7:304:Infinity:305:8:315:Infinity":33,"f:306:20:306:25":15,"s:307:12:313:Infinity":99,"f:309:14:309:29":16,"s:309:29:309:Infinity":100,"f:321:10:321:21":17,"s:322:12:322:Infinity":101,"s:323:12:323:Infinity":102,"f:331:12:331:23":18,"s:331:29:331:Infinity":103,"b:338:22:338:33:338:33:338:Infinity":34},"fnNames":{}}}
,"D:\\projects\\breathe\\src\\components\\CountrySelector.tsx": {"path":"D:\\projects\\breathe\\src\\components\\CountrySelector.tsx","statementMap":{"0":{"start":{"line":14,"column":35},"end":{"line":14,"column":null}},"1":{"start":{"line":17,"column":10},"end":{"line":17,"column":null}},"2":{"start":{"line":18,"column":9},"end":{"line":18,"column":null}},"3":{"start":{"line":18,"column":19},"end":{"line":18,"column":71}},"4":{"start":{"line":19,"column":9},"end":{"line":19,"column":null}},"5":{"start":{"line":19,"column":20},"end":{"line":19,"column":63}},"6":{"start":{"line":20,"column":22},"end":{"line":20,"column":null}},"7":{"start":{"line":22,"column":8},"end":{"line":25,"column":null}},"8":{"start":{"line":23,"column":14},"end":{"line":23,"column":null}},"9":{"start":{"line":24,"column":4},"end":{"line":24,"column":null}},"10":{"start":{"line":27,"column":2},"end":{"line":116,"column":null}},"11":{"start":{"line":57,"column":33},"end":{"line":57,"column":null}},"12":{"start":{"line":89,"column":22},"end":{"line":89,"column":null}},"13":{"start":{"line":91,"column":18},"end":{"line":95,"column":null}},"14":{"start":{"line":92,"column":14},"end":{"line":92,"column":null}},"15":{"start":{"line":92,"column":29},"end":{"line":92,"column":null}},"16":{"start":{"line":93,"column":14},"end":{"line":93,"column":null}},"17":{"start":{"line":93,"column":29},"end":{"line":93,"column":null}},"18":{"start":{"line":94,"column":14},"end":{"line":94,"column":null}},"19":{"start":{"line":96,"column":26},"end":{"line":96,"column":null}},"20":{"start":{"line":98,"column":12},"end":{"line":111,"column":null}},"21":{"start":{"line":101,"column":31},"end":{"line":101,"column":null}}},"fnMap":{"0":{"name":"CountrySelector","decl":{"start":{"line":16,"column":24},"end":{"line":16,"column":40}},"loc":{"start":{"line":16,"column":76},"end":{"line":118,"column":null}},"line":16},"1":{"name":"(anonymous_1)","decl":{"start":{"line":18,"column":19},"end":{"line":18,"column":55}},"loc":{"start":{"line":18,"column":19},"end":{"line":18,"column":71}},"line":18},"2":{"name":"(anonymous_2)","decl":{"start":{"line":19,"column":20},"end":{"line":19,"column":51}},"loc":{"start":{"line":19,"column":20},"end":{"line":19,"column":63}},"line":19},"3":{"name":"(anonymous_3)","decl":{"start":{"line":22,"column":8},"end":{"line":22,"column":22}},"loc":{"start":{"line":22,"column":38},"end":{"line":25,"column":null}},"line":22},"4":{"name":"(anonymous_4)","decl":{"start":{"line":57,"column":18},"end":{"line":57,"column":33}},"loc":{"start":{"line":57,"column":33},"end":{"line":57,"column":null}},"line":57},"5":{"name":"(anonymous_5)","decl":{"start":{"line":88,"column":23},"end":{"line":88,"column":28}},"loc":{"start":{"line":88,"column":37},"end":{"line":113,"column":11}},"line":88},"6":{"name":"(anonymous_6)","decl":{"start":{"line":91,"column":18},"end":{"line":91,"column":39}},"loc":{"start":{"line":91,"column":55},"end":{"line":95,"column":null}},"line":91},"7":{"name":"(anonymous_7)","decl":{"start":{"line":101,"column":16},"end":{"line":101,"column":31}},"loc":{"start":{"line":101,"column":31},"end":{"line":101,"column":null}},"line":101}},"branchMap":{"0":{"loc":{"start":{"line":40,"column":9},"end":{"line":72,"column":null}},"type":"binary-expr","locations":[{"start":{"line":40,"column":9},"end":{"line":40,"column":null}},{"start":{"line":41,"column":10},"end":{"line":72,"column":null}}],"line":40},"1":{"loc":{"start":{"line":75,"column":9},"end":{"line":78,"column":null}},"type":"binary-expr","locations":[{"start":{"line":75,"column":9},"end":{"line":75,"column":24}},{"start":{"line":75,"column":24},"end":{"line":75,"column":null}},{"start":{"line":76,"column":10},"end":{"line":78,"column":null}}],"line":75},"2":{"loc":{"start":{"line":92,"column":14},"end":{"line":92,"column":null}},"type":"if","locations":[{"start":{"line":92,"column":14},"end":{"line":92,"column":null}},{"start":{},"end":{}}],"line":92},"3":{"loc":{"start":{"line":93,"column":14},"end":{"line":93,"column":null}},"type":"if","locations":[{"start":{"line":93,"column":14},"end":{"line":93,"column":null}},{"start":{},"end":{}}],"line":93}},"s":{"0":2,"1":3,"2":3,"3":2,"4":3,"5":2,"6":3,"7":3,"8":2,"9":2,"10":3,"11":1,"12":18,"13":18,"14":18,"15":6,"16":12,"17":12,"18":6,"19":18,"20":18,"21":1},"f":{"0":3,"1":2,"2":2,"3":2,"4":1,"5":18,"6":18,"7":1},"b":{"0":[3,2],"1":[3,1,1],"2":[6,12],"3":[6,6]},"meta":{"lastBranch":4,"lastFunction":8,"lastStatement":22,"seen":{"s:14:35:14:Infinity":0,"f:16:24:16:40":0,"s:17:10:17:Infinity":1,"s:18:9:18:Infinity":2,"f:18:19:18:55":1,"s:18:19:18:71":3,"s:19:9:19:Infinity":4,"f:19:20:19:51":2,"s:19:20:19:63":5,"s:20:22:20:Infinity":6,"s:22:8:25:Infinity":7,"f:22:8:22:22":3,"s:23:14:23:Infinity":8,"s:24:4:24:Infinity":9,"s:27:2:116:Infinity":10,"b:40:9:40:Infinity:41:10:72:Infinity":0,"f:57:18:57:33":4,"s:57:33:57:Infinity":11,"b:75:9:75:24:75:24:75:Infinity:76:10:78:Infinity":1,"f:88:23:88:28":5,"s:89:22:89:Infinity":12,"s:91:18:95:Infinity":13,"f:91:18:91:39":6,"b:92:14:92:Infinity:undefined:undefined:undefined:undefined":2,"s:92:14:92:Infinity":14,"s:92:29:92:Infinity":15,"b:93:14:93:Infinity:undefined:undefined:undefined:undefined":3,"s:93:14:93:Infinity":16,"s:93:29:93:Infinity":17,"s:94:14:94:Infinity":18,"s:96:26:96:Infinity":19,"s:98:12:111:Infinity":20,"f:101:16:101:31":7,"s:101:31:101:Infinity":21},"fnNames":{}}}
,"D:\\projects\\breathe\\src\\components\\Dashboard.tsx": {"path":"D:\\projects\\breathe\\src\\components\\Dashboard.tsx","statementMap":{"0":{"start":{"line":22,"column":13},"end":{"line":22,"column":null}},"1":{"start":{"line":23,"column":18},"end":{"line":23,"column":null}},"2":{"start":{"line":24,"column":27},"end":{"line":24,"column":null}},"3":{"start":{"line":25,"column":8},"end":{"line":25,"column":null}},"4":{"start":{"line":26,"column":16},"end":{"line":26,"column":null}},"5":{"start":{"line":28,"column":27},"end":{"line":33,"column":null}},"6":{"start":{"line":35,"column":18},"end":{"line":35,"column":null}},"7":{"start":{"line":36,"column":29},"end":{"line":36,"column":null}},"8":{"start":{"line":38,"column":8},"end":{"line":53,"column":null}},"9":{"start":{"line":39,"column":4},"end":{"line":51,"column":null}},"10":{"start":{"line":52,"column":4},"end":{"line":52,"column":null}},"11":{"start":{"line":55,"column":21},"end":{"line":60,"column":null}},"12":{"start":{"line":62,"column":17},"end":{"line":62,"column":null}},"13":{"start":{"line":62,"column":51},"end":{"line":62,"column":58}},"14":{"start":{"line":64,"column":2},"end":{"line":201,"column":null}},"15":{"start":{"line":137,"column":34},"end":{"line":142,"column":null}},"16":{"start":{"line":143,"column":31},"end":{"line":143,"column":null}},"17":{"start":{"line":145,"column":12},"end":{"line":169,"column":null}}},"fnMap":{"0":{"name":"Dashboard","decl":{"start":{"line":21,"column":24},"end":{"line":21,"column":34}},"loc":{"start":{"line":21,"column":115},"end":{"line":203,"column":null}},"line":21},"1":{"name":"(anonymous_1)","decl":{"start":{"line":38,"column":8},"end":{"line":38,"column":27}},"loc":{"start":{"line":38,"column":27},"end":{"line":53,"column":null}},"line":38},"2":{"name":"(anonymous_2)","decl":{"start":{"line":62,"column":40},"end":{"line":62,"column":45}},"loc":{"start":{"line":62,"column":51},"end":{"line":62,"column":58}},"line":62},"3":{"name":"(anonymous_3)","decl":{"start":{"line":136,"column":22},"end":{"line":136,"column":27}},"loc":{"start":{"line":136,"column":38},"end":{"line":171,"column":11}},"line":136}},"branchMap":{"0":{"loc":{"start":{"line":157,"column":19},"end":{"line":160,"column":null}},"type":"binary-expr","locations":[{"start":{"line":157,"column":19},"end":{"line":157,"column":null}},{"start":{"line":158,"column":20},"end":{"line":160,"column":null}}],"line":157},"1":{"loc":{"start":{"line":164,"column":117},"end":{"line":164,"column":161}},"type":"cond-expr","locations":[{"start":{"line":164,"column":131},"end":{"line":164,"column":159}},{"start":{"line":164,"column":159},"end":{"line":164,"column":161}}],"line":164},"2":{"loc":{"start":{"line":181,"column":138},"end":{"line":183,"column":null}},"type":"cond-expr","locations":[{"start":{"line":182,"column":18},"end":{"line":182,"column":null}},{"start":{"line":183,"column":18},"end":{"line":183,"column":null}}],"line":181},"3":{"loc":{"start":{"line":186,"column":13},"end":{"line":187,"column":21}},"type":"cond-expr","locations":[{"start":{"line":186,"column":21},"end":{"line":186,"column":44}},{"start":{"line":186,"column":43},"end":{"line":187,"column":21}}],"line":186},"4":{"loc":{"start":{"line":187,"column":13},"end":{"line":187,"column":null}},"type":"cond-expr","locations":[{"start":{"line":187,"column":21},"end":{"line":187,"column":46}},{"start":{"line":187,"column":46},"end":{"line":187,"column":null}}],"line":187}},"s":{"0":4,"1":4,"2":4,"3":4,"4":4,"5":4,"6":4,"7":4,"8":4,"9":1,"10":1,"11":4,"12":4,"13":16,"14":4,"15":16,"16":16,"17":16},"f":{"0":4,"1":1,"2":16,"3":16},"b":{"0":[16,12],"1":[16,0],"2":[1,3],"3":[1,3],"4":[1,3]},"meta":{"lastBranch":5,"lastFunction":4,"lastStatement":18,"seen":{"f:21:24:21:34":0,"s:22:13:22:Infinity":0,"s:23:18:23:Infinity":1,"s:24:27:24:Infinity":2,"s:25:8:25:Infinity":3,"s:26:16:26:Infinity":4,"s:28:27:33:Infinity":5,"s:35:18:35:Infinity":6,"s:36:29:36:Infinity":7,"s:38:8:53:Infinity":8,"f:38:8:38:27":1,"s:39:4:51:Infinity":9,"s:52:4:52:Infinity":10,"s:55:21:60:Infinity":11,"s:62:17:62:Infinity":12,"f:62:40:62:45":2,"s:62:51:62:58":13,"s:64:2:201:Infinity":14,"f:136:22:136:27":3,"s:137:34:142:Infinity":15,"s:143:31:143:Infinity":16,"s:145:12:169:Infinity":17,"b:157:19:157:Infinity:158:20:160:Infinity":0,"b:164:131:164:159:164:159:164:161":1,"b:182:18:182:Infinity:183:18:183:Infinity":2,"b:186:21:186:44:186:43:187:21":3,"b:187:21:187:46:187:46:187:Infinity":4},"fnNames":{}}}
,"D:\\projects\\breathe\\src\\components\\HistoryChart.tsx": {"path":"D:\\projects\\breathe\\src\\components\\HistoryChart.tsx","statementMap":{"0":{"start":{"line":9,"column":10},"end":{"line":9,"column":null}},"1":{"start":{"line":10,"column":17},"end":{"line":10,"column":null}},"2":{"start":{"line":11,"column":2},"end":{"line":11,"column":null}},"3":{"start":{"line":11,"column":27},"end":{"line":11,"column":null}},"4":{"start":{"line":13,"column":19},"end":{"line":13,"column":null}},"5":{"start":{"line":13,"column":49},"end":{"line":13,"column":56}},"6":{"start":{"line":15,"column":8},"end":{"line":18,"column":null}},"7":{"start":{"line":16,"column":14},"end":{"line":16,"column":null}},"8":{"start":{"line":17,"column":4},"end":{"line":17,"column":null}},"9":{"start":{"line":20,"column":8},"end":{"line":23,"column":null}},"10":{"start":{"line":21,"column":14},"end":{"line":21,"column":null}},"11":{"start":{"line":22,"column":4},"end":{"line":22,"column":null}},"12":{"start":{"line":25,"column":2},"end":{"line":67,"column":null}},"13":{"start":{"line":31,"column":29},"end":{"line":31,"column":null}},"14":{"start":{"line":32,"column":27},"end":{"line":32,"column":null}},"15":{"start":{"line":33,"column":10},"end":{"line":45,"column":null}},"16":{"start":{"line":52,"column":10},"end":{"line":54,"column":null}}},"fnMap":{"0":{"name":"HistoryChart","decl":{"start":{"line":8,"column":24},"end":{"line":8,"column":37}},"loc":{"start":{"line":8,"column":57},"end":{"line":69,"column":null}},"line":8},"1":{"name":"(anonymous_1)","decl":{"start":{"line":13,"column":38},"end":{"line":13,"column":43}},"loc":{"start":{"line":13,"column":49},"end":{"line":13,"column":56}},"line":13},"2":{"name":"(anonymous_2)","decl":{"start":{"line":15,"column":8},"end":{"line":15,"column":23}},"loc":{"start":{"line":15,"column":43},"end":{"line":18,"column":null}},"line":15},"3":{"name":"(anonymous_3)","decl":{"start":{"line":20,"column":8},"end":{"line":20,"column":26}},"loc":{"start":{"line":20,"column":46},"end":{"line":23,"column":null}},"line":20},"4":{"name":"(anonymous_4)","decl":{"start":{"line":30,"column":16},"end":{"line":30,"column":21}},"loc":{"start":{"line":30,"column":34},"end":{"line":47,"column":9}},"line":30},"5":{"name":"(anonymous_5)","decl":{"start":{"line":51,"column":16},"end":{"line":51,"column":21}},"loc":{"start":{"line":52,"column":10},"end":{"line":54,"column":null}},"line":52}},"branchMap":{"0":{"loc":{"start":{"line":11,"column":2},"end":{"line":11,"column":null}},"type":"if","locations":[{"start":{"line":11,"column":2},"end":{"line":11,"column":null}},{"start":{},"end":{}}],"line":11},"1":{"loc":{"start":{"line":39,"column":20},"end":{"line":39,"column":null}},"type":"cond-expr","locations":[{"start":{"line":39,"column":31},"end":{"line":39,"column":52}},{"start":{"line":39,"column":52},"end":{"line":39,"column":null}}],"line":39}},"s":{"0":3,"1":3,"2":3,"3":1,"4":2,"5":3,"6":2,"7":3,"8":3,"9":2,"10":3,"11":3,"12":2,"13":3,"14":3,"15":3,"16":3},"f":{"0":3,"1":3,"2":3,"3":3,"4":3,"5":3},"b":{"0":[1,2],"1":[2,1]},"meta":{"lastBranch":2,"lastFunction":6,"lastStatement":17,"seen":{"f:8:24:8:37":0,"s:9:10:9:Infinity":0,"s:10:17:10:Infinity":1,"b:11:2:11:Infinity:undefined:undefined:undefined:undefined":0,"s:11:2:11:Infinity":2,"s:11:27:11:Infinity":3,"s:13:19:13:Infinity":4,"f:13:38:13:43":1,"s:13:49:13:56":5,"s:15:8:18:Infinity":6,"f:15:8:15:23":2,"s:16:14:16:Infinity":7,"s:17:4:17:Infinity":8,"s:20:8:23:Infinity":9,"f:20:8:20:26":3,"s:21:14:21:Infinity":10,"s:22:4:22:Infinity":11,"s:25:2:67:Infinity":12,"f:30:16:30:21":4,"s:31:29:31:Infinity":13,"s:32:27:32:Infinity":14,"s:33:10:45:Infinity":15,"b:39:31:39:52:39:52:39:Infinity":1,"f:51:16:51:21":5,"s:52:10:54:Infinity":16},"fnNames":{}}}
,"D:\\projects\\breathe\\src\\components\\LandingHero.tsx": {"path":"D:\\projects\\breathe\\src\\components\\LandingHero.tsx","statementMap":{"0":{"start":{"line":8,"column":14},"end":{"line":13,"column":null}},"1":{"start":{"line":16,"column":20},"end":{"line":16,"column":null}},"2":{"start":{"line":17,"column":19},"end":{"line":17,"column":null}},"3":{"start":{"line":18,"column":20},"end":{"line":18,"column":null}},"4":{"start":{"line":20,"column":2},"end":{"line":33,"column":null}},"5":{"start":{"line":21,"column":21},"end":{"line":30,"column":null}},"6":{"start":{"line":23,"column":6},"end":{"line":23,"column":null}},"7":{"start":{"line":25,"column":6},"end":{"line":29,"column":null}},"8":{"start":{"line":26,"column":8},"end":{"line":26,"column":null}},"9":{"start":{"line":26,"column":22},"end":{"line":26,"column":56}},"10":{"start":{"line":28,"column":8},"end":{"line":28,"column":null}},"11":{"start":{"line":32,"column":4},"end":{"line":32,"column":null}},"12":{"start":{"line":32,"column":17},"end":{"line":32,"column":null}},"13":{"start":{"line":35,"column":8},"end":{"line":40,"column":null}},"14":{"start":{"line":36,"column":4},"end":{"line":36,"column":null}},"15":{"start":{"line":37,"column":4},"end":{"line":39,"column":null}},"16":{"start":{"line":38,"column":6},"end":{"line":38,"column":null}},"17":{"start":{"line":42,"column":2},"end":{"line":126,"column":null}}},"fnMap":{"0":{"name":"LandingHero","decl":{"start":{"line":15,"column":24},"end":{"line":15,"column":36}},"loc":{"start":{"line":15,"column":56},"end":{"line":128,"column":null}},"line":15},"1":{"name":"(anonymous_1)","decl":{"start":{"line":20,"column":2},"end":{"line":20,"column":18}},"loc":{"start":{"line":20,"column":18},"end":{"line":33,"column":5}},"line":20},"2":{"name":"(anonymous_2)","decl":{"start":{"line":21,"column":21},"end":{"line":21,"column":39}},"loc":{"start":{"line":21,"column":39},"end":{"line":30,"column":7}},"line":21},"3":{"name":"(anonymous_3)","decl":{"start":{"line":25,"column":6},"end":{"line":25,"column":23}},"loc":{"start":{"line":25,"column":23},"end":{"line":29,"column":9}},"line":25},"4":{"name":"(anonymous_4)","decl":{"start":{"line":26,"column":8},"end":{"line":26,"column":22}},"loc":{"start":{"line":26,"column":22},"end":{"line":26,"column":56}},"line":26},"5":{"name":"(anonymous_5)","decl":{"start":{"line":32,"column":4},"end":{"line":32,"column":17}},"loc":{"start":{"line":32,"column":17},"end":{"line":32,"column":null}},"line":32},"6":{"name":"(anonymous_6)","decl":{"start":{"line":35,"column":8},"end":{"line":35,"column":33}},"loc":{"start":{"line":35,"column":33},"end":{"line":40,"column":null}},"line":35},"7":{"name":"(anonymous_7)","decl":{"start":{"line":37,"column":4},"end":{"line":37,"column":21}},"loc":{"start":{"line":37,"column":21},"end":{"line":39,"column":7}},"line":37}},"branchMap":{"0":{"loc":{"start":{"line":45,"column":8},"end":{"line":45,"column":null}},"type":"cond-expr","locations":[{"start":{"line":45,"column":20},"end":{"line":45,"column":34}},{"start":{"line":45,"column":34},"end":{"line":45,"column":null}}],"line":45}},"s":{"0":1,"1":2,"2":2,"3":2,"4":2,"5":2,"6":0,"7":0,"8":0,"9":0,"10":0,"11":2,"12":2,"13":2,"14":0,"15":0,"16":0,"17":2},"f":{"0":2,"1":2,"2":0,"3":0,"4":0,"5":2,"6":0,"7":0},"b":{"0":[0,2]},"meta":{"lastBranch":1,"lastFunction":8,"lastStatement":18,"seen":{"s:8:14:13:Infinity":0,"f:15:24:15:36":0,"s:16:20:16:Infinity":1,"s:17:19:17:Infinity":2,"s:18:20:18:Infinity":3,"s:20:2:33:Infinity":4,"f:20:2:20:18":1,"s:21:21:30:Infinity":5,"f:21:21:21:39":2,"s:23:6:23:Infinity":6,"s:25:6:29:Infinity":7,"f:25:6:25:23":3,"s:26:8:26:Infinity":8,"f:26:8:26:22":4,"s:26:22:26:56":9,"s:28:8:28:Infinity":10,"s:32:4:32:Infinity":11,"f:32:4:32:17":5,"s:32:17:32:Infinity":12,"s:35:8:40:Infinity":13,"f:35:8:35:33":6,"s:36:4:36:Infinity":14,"s:37:4:39:Infinity":15,"f:37:4:37:21":7,"s:38:6:38:Infinity":16,"s:42:2:126:Infinity":17,"b:45:20:45:34:45:34:45:Infinity":0},"fnNames":{}}}
,"D:\\projects\\breathe\\src\\components\\LanguageSelector.tsx": {"path":"D:\\projects\\breathe\\src\\components\\LanguageSelector.tsx","statementMap":{"0":{"start":{"line":14,"column":10},"end":{"line":14,"column":null}},"1":{"start":{"line":15,"column":18},"end":{"line":15,"column":null}},"2":{"start":{"line":16,"column":19},"end":{"line":16,"column":null}},"3":{"start":{"line":18,"column":2},"end":{"line":67,"column":null}},"4":{"start":{"line":37,"column":12},"end":{"line":51,"column":null}},"5":{"start":{"line":39,"column":29},"end":{"line":39,"column":null}},"6":{"start":{"line":55,"column":25},"end":{"line":55,"column":null}}},"fnMap":{"0":{"name":"LanguageSelector","decl":{"start":{"line":13,"column":24},"end":{"line":13,"column":41}},"loc":{"start":{"line":13,"column":83},"end":{"line":69,"column":null}},"line":13},"1":{"name":"(anonymous_1)","decl":{"start":{"line":36,"column":29},"end":{"line":36,"column":34}},"loc":{"start":{"line":37,"column":12},"end":{"line":51,"column":null}},"line":37},"2":{"name":"(anonymous_2)","decl":{"start":{"line":39,"column":14},"end":{"line":39,"column":29}},"loc":{"start":{"line":39,"column":29},"end":{"line":39,"column":null}},"line":39},"3":{"name":"(anonymous_3)","decl":{"start":{"line":55,"column":10},"end":{"line":55,"column":25}},"loc":{"start":{"line":55,"column":25},"end":{"line":55,"column":null}},"line":55}},"branchMap":{"0":{"loc":{"start":{"line":42,"column":16},"end":{"line":44,"column":null}},"type":"cond-expr","locations":[{"start":{"line":43,"column":20},"end":{"line":43,"column":null}},{"start":{"line":44,"column":20},"end":{"line":44,"column":null}}],"line":42},"1":{"loc":{"start":{"line":48,"column":15},"end":{"line":51,"column":null}},"type":"binary-expr","locations":[{"start":{"line":48,"column":15},"end":{"line":48,"column":null}},{"start":{"line":49,"column":16},"end":{"line":51,"column":null}}],"line":48},"2":{"loc":{"start":{"line":55,"column":25},"end":{"line":55,"column":null}},"type":"binary-expr","locations":[{"start":{"line":55,"column":25},"end":{"line":55,"column":37}},{"start":{"line":55,"column":37},"end":{"line":55,"column":null}}],"line":55},"3":{"loc":{"start":{"line":59,"column":12},"end":{"line":61,"column":null}},"type":"cond-expr","locations":[{"start":{"line":60,"column":16},"end":{"line":60,"column":null}},{"start":{"line":61,"column":16},"end":{"line":61,"column":null}}],"line":59}},"s":{"0":4,"1":4,"2":4,"3":4,"4":20,"5":1,"6":1},"f":{"0":4,"1":20,"2":1,"3":1},"b":{"0":[1,19],"1":[20,1],"2":[1,1],"3":[1,3]},"meta":{"lastBranch":4,"lastFunction":4,"lastStatement":7,"seen":{"f:13:24:13:41":0,"s:14:10:14:Infinity":0,"s:15:18:15:Infinity":1,"s:16:19:16:Infinity":2,"s:18:2:67:Infinity":3,"f:36:29:36:34":1,"s:37:12:51:Infinity":4,"f:39:14:39:29":2,"s:39:29:39:Infinity":5,"b:43:20:43:Infinity:44:20:44:Infinity":0,"b:48:15:48:Infinity:49:16:51:Infinity":1,"f:55:10:55:25":3,"s:55:25:55:Infinity":6,"b:55:25:55:37:55:37:55:Infinity":2,"b:60:16:60:Infinity:61:16:61:Infinity":3},"fnNames":{}}}
,"D:\\projects\\breathe\\src\\components\\Quiz.tsx": {"path":"D:\\projects\\breathe\\src\\components\\Quiz.tsx","statementMap":{"0":{"start":{"line":16,"column":10},"end":{"line":16,"column":null}},"1":{"start":{"line":17,"column":18},"end":{"line":17,"column":null}},"2":{"start":{"line":18,"column":22},"end":{"line":18,"column":null}},"3":{"start":{"line":19,"column":19},"end":{"line":19,"column":null}},"4":{"start":{"line":20,"column":17},"end":{"line":20,"column":null}},"5":{"start":{"line":21,"column":25},"end":{"line":21,"column":null}},"6":{"start":{"line":22,"column":23},"end":{"line":22,"column":null}},"7":{"start":{"line":23,"column":19},"end":{"line":23,"column":null}},"8":{"start":{"line":24,"column":18},"end":{"line":24,"column":null}},"9":{"start":{"line":26,"column":15},"end":{"line":26,"column":null}},"10":{"start":{"line":28,"column":19},"end":{"line":156,"column":null}},"11":{"start":{"line":36,"column":12},"end":{"line":46,"column":null}},"12":{"start":{"line":38,"column":29},"end":{"line":38,"column":null}},"13":{"start":{"line":57,"column":31},"end":{"line":57,"column":null}},"14":{"start":{"line":74,"column":12},"end":{"line":84,"column":null}},"15":{"start":{"line":76,"column":29},"end":{"line":76,"column":null}},"16":{"start":{"line":101,"column":29},"end":{"line":101,"column":null}},"17":{"start":{"line":124,"column":31},"end":{"line":124,"column":null}},"18":{"start":{"line":141,"column":12},"end":{"line":150,"column":null}},"19":{"start":{"line":143,"column":29},"end":{"line":143,"column":null}},"20":{"start":{"line":158,"column":18},"end":{"line":158,"column":null}},"21":{"start":{"line":159,"column":21},"end":{"line":159,"column":null}},"22":{"start":{"line":160,"column":17},"end":{"line":160,"column":null}},"23":{"start":{"line":162,"column":8},"end":{"line":171,"column":null}},"24":{"start":{"line":163,"column":4},"end":{"line":170,"column":null}},"25":{"start":{"line":173,"column":2},"end":{"line":236,"column":null}},"26":{"start":{"line":195,"column":12},"end":{"line":199,"column":null}},"27":{"start":{"line":213,"column":29},"end":{"line":213,"column":null}},"28":{"start":{"line":222,"column":14},"end":{"line":223,"column":null}},"29":{"start":{"line":222,"column":26},"end":{"line":222,"column":null}},"30":{"start":{"line":223,"column":19},"end":{"line":223,"column":null}}},"fnMap":{"0":{"name":"Quiz","decl":{"start":{"line":15,"column":24},"end":{"line":15,"column":29}},"loc":{"start":{"line":15,"column":71},"end":{"line":238,"column":null}},"line":15},"1":{"name":"(anonymous_1)","decl":{"start":{"line":35,"column":36},"end":{"line":35,"column":41}},"loc":{"start":{"line":36,"column":12},"end":{"line":46,"column":null}},"line":36},"2":{"name":"(anonymous_2)","decl":{"start":{"line":38,"column":14},"end":{"line":38,"column":29}},"loc":{"start":{"line":38,"column":29},"end":{"line":38,"column":null}},"line":38},"3":{"name":"(anonymous_3)","decl":{"start":{"line":57,"column":14},"end":{"line":57,"column":25}},"loc":{"start":{"line":57,"column":31},"end":{"line":57,"column":null}},"line":57},"4":{"name":"(anonymous_4)","decl":{"start":{"line":73,"column":31},"end":{"line":73,"column":36}},"loc":{"start":{"line":74,"column":12},"end":{"line":84,"column":null}},"line":74},"5":{"name":"(anonymous_5)","decl":{"start":{"line":76,"column":14},"end":{"line":76,"column":29}},"loc":{"start":{"line":76,"column":29},"end":{"line":76,"column":null}},"line":76},"6":{"name":"(anonymous_6)","decl":{"start":{"line":101,"column":12},"end":{"line":101,"column":23}},"loc":{"start":{"line":101,"column":29},"end":{"line":101,"column":null}},"line":101},"7":{"name":"(anonymous_7)","decl":{"start":{"line":124,"column":14},"end":{"line":124,"column":25}},"loc":{"start":{"line":124,"column":31},"end":{"line":124,"column":null}},"line":124},"8":{"name":"(anonymous_8)","decl":{"start":{"line":140,"column":33},"end":{"line":140,"column":38}},"loc":{"start":{"line":141,"column":12},"end":{"line":150,"column":null}},"line":141},"9":{"name":"(anonymous_9)","decl":{"start":{"line":143,"column":14},"end":{"line":143,"column":29}},"loc":{"start":{"line":143,"column":29},"end":{"line":143,"column":null}},"line":143},"10":{"name":"(anonymous_10)","decl":{"start":{"line":162,"column":8},"end":{"line":162,"column":29}},"loc":{"start":{"line":162,"column":29},"end":{"line":171,"column":null}},"line":162},"11":{"name":"(anonymous_11)","decl":{"start":{"line":194,"column":20},"end":{"line":194,"column":25}},"loc":{"start":{"line":195,"column":12},"end":{"line":199,"column":null}},"line":195},"12":{"name":"(anonymous_12)","decl":{"start":{"line":213,"column":14},"end":{"line":213,"column":29}},"loc":{"start":{"line":213,"column":29},"end":{"line":213,"column":null}},"line":213},"13":{"name":"(anonymous_13)","decl":{"start":{"line":221,"column":12},"end":{"line":221,"column":27}},"loc":{"start":{"line":221,"column":27},"end":{"line":224,"column":null}},"line":221}},"branchMap":{"0":{"loc":{"start":{"line":26,"column":15},"end":{"line":26,"column":null}},"type":"cond-expr","locations":[{"start":{"line":26,"column":38},"end":{"line":26,"column":48}},{"start":{"line":26,"column":48},"end":{"line":26,"column":null}}],"line":26},"1":{"loc":{"start":{"line":40,"column":114},"end":{"line":42,"column":null}},"type":"cond-expr","locations":[{"start":{"line":41,"column":20},"end":{"line":41,"column":null}},{"start":{"line":42,"column":20},"end":{"line":42,"column":null}}],"line":40},"2":{"loc":{"start":{"line":78,"column":114},"end":{"line":80,"column":null}},"type":"cond-expr","locations":[{"start":{"line":79,"column":20},"end":{"line":79,"column":null}},{"start":{"line":80,"column":20},"end":{"line":80,"column":null}}],"line":78},"3":{"loc":{"start":{"line":109,"column":13},"end":{"line":109,"column":null}},"type":"binary-expr","locations":[{"start":{"line":109,"column":13},"end":{"line":109,"column":38}},{"start":{"line":109,"column":38},"end":{"line":109,"column":null}}],"line":109},"4":{"loc":{"start":{"line":132,"column":13},"end":{"line":132,"column":null}},"type":"binary-expr","locations":[{"start":{"line":132,"column":13},"end":{"line":132,"column":36}},{"start":{"line":132,"column":36},"end":{"line":132,"column":null}}],"line":132},"5":{"loc":{"start":{"line":144,"column":36},"end":{"line":144,"column":null}},"type":"binary-expr","locations":[{"start":{"line":144,"column":36},"end":{"line":144,"column":84}},{"start":{"line":144,"column":84},"end":{"line":144,"column":null}}],"line":144},"6":{"loc":{"start":{"line":145,"column":114},"end":{"line":147,"column":null}},"type":"cond-expr","locations":[{"start":{"line":146,"column":20},"end":{"line":146,"column":null}},{"start":{"line":147,"column":20},"end":{"line":147,"column":null}}],"line":145},"7":{"loc":{"start":{"line":150,"column":15},"end":{"line":150,"column":73}},"type":"binary-expr","locations":[{"start":{"line":150,"column":15},"end":{"line":150,"column":63}},{"start":{"line":150,"column":63},"end":{"line":150,"column":73}}],"line":150},"8":{"loc":{"start":{"line":165,"column":16},"end":{"line":165,"column":null}},"type":"binary-expr","locations":[{"start":{"line":165,"column":16},"end":{"line":165,"column":36}},{"start":{"line":165,"column":36},"end":{"line":165,"column":null}}],"line":165},"9":{"loc":{"start":{"line":167,"column":22},"end":{"line":167,"column":null}},"type":"binary-expr","locations":[{"start":{"line":167,"column":22},"end":{"line":167,"column":48}},{"start":{"line":167,"column":48},"end":{"line":167,"column":null}}],"line":167},"10":{"loc":{"start":{"line":168,"column":20},"end":{"line":168,"column":null}},"type":"binary-expr","locations":[{"start":{"line":168,"column":20},"end":{"line":168,"column":44}},{"start":{"line":168,"column":44},"end":{"line":168,"column":null}}],"line":168},"11":{"loc":{"start":{"line":169,"column":16},"end":{"line":169,"column":null}},"type":"binary-expr","locations":[{"start":{"line":169,"column":16},"end":{"line":169,"column":28}},{"start":{"line":169,"column":28},"end":{"line":169,"column":null}}],"line":169},"12":{"loc":{"start":{"line":197,"column":82},"end":{"line":197,"column":null}},"type":"cond-expr","locations":[{"start":{"line":197,"column":97},"end":{"line":197,"column":118}},{"start":{"line":197,"column":118},"end":{"line":197,"column":null}}],"line":197},"13":{"loc":{"start":{"line":211,"column":11},"end":{"line":220,"column":11}},"type":"binary-expr","locations":[{"start":{"line":211,"column":11},"end":{"line":211,"column":null}},{"start":{"line":212,"column":12},"end":{"line":220,"column":11}}],"line":211},"14":{"loc":{"start":{"line":222,"column":14},"end":{"line":223,"column":null}},"type":"if","locations":[{"start":{"line":222,"column":14},"end":{"line":223,"column":null}},{"start":{"line":223,"column":19},"end":{"line":223,"column":null}}],"line":222},"15":{"loc":{"start":{"line":226,"column":24},"end":{"line":226,"column":null}},"type":"cond-expr","locations":[{"start":{"line":226,"column":33},"end":{"line":226,"column":56}},{"start":{"line":226,"column":56},"end":{"line":226,"column":null}}],"line":226},"16":{"loc":{"start":{"line":227,"column":99},"end":{"line":229,"column":null}},"type":"cond-expr","locations":[{"start":{"line":228,"column":18},"end":{"line":228,"column":null}},{"start":{"line":229,"column":18},"end":{"line":229,"column":null}}],"line":227},"17":{"loc":{"start":{"line":232,"column":13},"end":{"line":232,"column":null}},"type":"cond-expr","locations":[{"start":{"line":232,"column":22},"end":{"line":232,"column":47}},{"start":{"line":232,"column":47},"end":{"line":232,"column":null}}],"line":232}},"s":{"0":15,"1":15,"2":15,"3":15,"4":15,"5":15,"6":15,"7":15,"8":15,"9":15,"10":15,"11":105,"12":2,"13":1,"14":60,"15":1,"16":1,"17":1,"18":60,"19":1,"20":15,"21":15,"22":15,"23":15,"24":1,"25":15,"26":75,"27":1,"28":6,"29":1,"30":5},"f":{"0":15,"1":105,"2":2,"3":1,"4":60,"5":1,"6":1,"7":1,"8":60,"9":1,"10":1,"11":75,"12":1,"13":6},"b":{"0":[0,15],"1":[13,92],"2":[7,53],"3":[15,15],"4":[15,15],"5":[60,0],"6":[1,59],"7":[60,0],"8":[1,0],"9":[1,0],"10":[1,0],"11":[1,0],"12":[36,39],"13":[15,9],"14":[1,5],"15":[2,13],"16":[10,5],"17":[2,13]},"meta":{"lastBranch":18,"lastFunction":14,"lastStatement":31,"seen":{"f:15:24:15:29":0,"s:16:10:16:Infinity":0,"s:17:18:17:Infinity":1,"s:18:22:18:Infinity":2,"s:19:19:19:Infinity":3,"s:20:17:20:Infinity":4,"s:21:25:21:Infinity":5,"s:22:23:22:Infinity":6,"s:23:19:23:Infinity":7,"s:24:18:24:Infinity":8,"s:26:15:26:Infinity":9,"b:26:38:26:48:26:48:26:Infinity":0,"s:28:19:156:Infinity":10,"f:35:36:35:41":1,"s:36:12:46:Infinity":11,"f:38:14:38:29":2,"s:38:29:38:Infinity":12,"b:41:20:41:Infinity:42:20:42:Infinity":1,"f:57:14:57:25":3,"s:57:31:57:Infinity":13,"f:73:31:73:36":4,"s:74:12:84:Infinity":14,"f:76:14:76:29":5,"s:76:29:76:Infinity":15,"b:79:20:79:Infinity:80:20:80:Infinity":2,"f:101:12:101:23":6,"s:101:29:101:Infinity":16,"b:109:13:109:38:109:38:109:Infinity":3,"f:124:14:124:25":7,"s:124:31:124:Infinity":17,"
[...]
:353:Infinity":122,"f:348:8:348:20":92,"s:348:27:348:Infinity":123,"f:349:8:349:15":93,"s:349:22:349:Infinity":124,"f:350:8:350:17":94,"s:350:24:350:Infinity":125,"f:351:8:351:19":95,"s:351:26:351:Infinity":126,"f:352:8:352:16":96,"s:352:23:352:Infinity":127,"b:354:6:360:Infinity:undefined:undefined:undefined:undefined":16,"s:354:6:360:Infinity":128,"s:354:36:360:Infinity":129,"f:355:8:355:20":97,"s:355:27:355:Infinity":130,"f:356:8:356:15":98,"s:356:22:356:Infinity":131,"f:357:8:357:17":99,"s:357:24:357:Infinity":132,"f:358:8:358:19":100,"s:358:26:358:Infinity":133,"f:359:8:359:16":101,"s:359:23:359:Infinity":134,"b:361:6:367:Infinity:undefined:undefined:undefined:undefined":17,"s:361:6:367:Infinity":135,"s:361:32:367:Infinity":136,"f:362:8:362:20":102,"s:362:27:362:Infinity":137,"f:363:8:363:15":103,"s:363:22:363:Infinity":138,"f:364:8:364:17":104,"s:364:24:364:Infinity":139,"f:365:8:365:19":105,"s:365:26:365:Infinity":140,"f:366:8:366:16":106,"s:366:23:366:Infinity":141,"s:368:6:374:Infinity":142,"f:369:8:369:20":107,"s:369:27:369:Infinity":143,"f:370:8:370:15":108,"s:370:22:370:Infinity":144,"f:371:8:371:17":109,"s:371:24:371:Infinity":145,"f:372:8:372:19":110,"s:372:26:372:Infinity":146,"f:373:8:373:16":111,"s:373:23:373:Infinity":147,"f:410:4:410:27":112,"b:411:6:417:Infinity:undefined:undefined:undefined:undefined":18,"s:411:6:417:Infinity":148,"s:411:31:417:Infinity":149,"f:412:8:412:20":113,"s:412:27:412:Infinity":150,"f:413:8:413:15":114,"s:413:22:413:Infinity":151,"f:414:8:414:17":115,"s:414:24:414:Infinity":152,"f:415:8:415:19":116,"s:415:26:415:Infinity":153,"f:416:8:416:16":117,"s:416:23:416:Infinity":154,"b:418:6:424:Infinity:undefined:undefined:undefined:undefined":19,"s:418:6:424:Infinity":155,"s:418:33:424:Infinity":156,"f:419:8:419:20":118,"s:419:27:419:Infinity":157,"f:420:8:420:15":119,"s:420:22:420:Infinity":158,"f:421:8:421:17":120,"s:421:24:421:Infinity":159,"f:422:8:422:19":121,"s:422:26:422:Infinity":160,"f:423:8:423:16":122,"s:423:23:423:Infinity":161,"b:425:6:431:Infinity:undefined:undefined:undefined:undefined":20,"s:425:6:431:Infinity":162,"s:425:32:431:Infinity":163,"f:426:8:426:20":123,"s:426:27:426:Infinity":164,"f:427:8:427:15":124,"s:427:22:427:Infinity":165,"f:428:8:428:17":125,"s:428:24:428:Infinity":166,"f:429:8:429:19":126,"s:429:26:429:Infinity":167,"f:430:8:430:16":127,"s:430:23:430:Infinity":168,"s:432:6:438:Infinity":169,"f:433:8:433:20":128,"s:433:27:433:Infinity":170,"f:434:8:434:15":129,"s:434:22:434:Infinity":171,"f:435:8:435:17":130,"s:435:24:435:Infinity":172,"f:436:8:436:19":131,"s:436:26:436:Infinity":173,"f:437:8:437:16":132,"s:437:23:437:Infinity":174},"fnNames":{}}}
,"D:\\projects\\breathe\\src\\utils\\calculator.ts": {"path":"D:\\projects\\breathe\\src\\utils\\calculator.ts","statementMap":{"0":{"start":{"line":27,"column":21},"end":{"line":27,"column":null}},"1":{"start":{"line":30,"column":18},"end":{"line":30,"column":null}},"2":{"start":{"line":31,"column":26},"end":{"line":31,"column":null}},"3":{"start":{"line":31,"column":63},"end":{"line":31,"column":91}},"4":{"start":{"line":32,"column":21},"end":{"line":32,"column":null}},"5":{"start":{"line":32,"column":53},"end":{"line":32,"column":76}},"6":{"start":{"line":34,"column":20},"end":{"line":34,"column":null}},"7":{"start":{"line":35,"column":15},"end":{"line":35,"column":null}},"8":{"start":{"line":36,"column":17},"end":{"line":36,"column":null}},"9":{"start":{"line":37,"column":19},"end":{"line":37,"column":null}},"10":{"start":{"line":39,"column":16},"end":{"line":39,"column":null}},"11":{"start":{"line":40,"column":20},"end":{"line":40,"column":null}},"12":{"start":{"line":46,"column":2},"end":{"line":62,"column":null}},"13":{"start":{"line":47,"column":4},"end":{"line":47,"column":null}},"14":{"start":{"line":48,"column":4},"end":{"line":48,"column":null}},"15":{"start":{"line":49,"column":4},"end":{"line":49,"column":null}},"16":{"start":{"line":50,"column":9},"end":{"line":62,"column":null}},"17":{"start":{"line":51,"column":4},"end":{"line":51,"column":null}},"18":{"start":{"line":52,"column":4},"end":{"line":52,"column":null}},"19":{"start":{"line":53,"column":4},"end":{"line":53,"column":null}},"20":{"start":{"line":54,"column":9},"end":{"line":62,"column":null}},"21":{"start":{"line":55,"column":4},"end":{"line":55,"column":null}},"22":{"start":{"line":56,"column":4},"end":{"line":56,"column":null}},"23":{"start":{"line":57,"column":4},"end":{"line":57,"column":null}},"24":{"start":{"line":59,"column":4},"end":{"line":59,"column":null}},"25":{"start":{"line":60,"column":4},"end":{"line":60,"column":null}},"26":{"start":{"line":61,"column":4},"end":{"line":61,"column":null}},"27":{"start":{"line":64,"column":21},"end":{"line":64,"column":null}},"28":{"start":{"line":65,"column":27},"end":{"line":65,"column":null}},"29":{"start":{"line":65,"column":69},"end":{"line":65,"column":80}},"30":{"start":{"line":67,"column":2},"end":{"line":67,"column":null}},"31":{"start":{"line":71,"column":18},"end":{"line":71,"column":null}},"32":{"start":{"line":72,"column":14},"end":{"line":72,"column":null}},"33":{"start":{"line":73,"column":2},"end":{"line":80,"column":null}},"34":{"start":{"line":90,"column":15},"end":{"line":90,"column":null}},"35":{"start":{"line":91,"column":17},"end":{"line":91,"column":null}},"36":{"start":{"line":93,"column":2},"end":{"line":95,"column":null}},"37":{"start":{"line":94,"column":4},"end":{"line":94,"column":null}},"38":{"start":{"line":97,"column":17},"end":{"line":99,"column":null}},"39":{"start":{"line":101,"column":19},"end":{"line":101,"column":null}},"40":{"start":{"line":102,"column":2},"end":{"line":105,"column":null}},"41":{"start":{"line":103,"column":20},"end":{"line":103,"column":null}},"42":{"start":{"line":104,"column":4},"end":{"line":104,"column":null}},"43":{"start":{"line":107,"column":59},"end":{"line":114,"column":null}},"44":{"start":{"line":116,"column":12},"end":{"line":116,"column":null}},"45":{"start":{"line":117,"column":12},"end":{"line":117,"column":null}},"46":{"start":{"line":119,"column":2},"end":{"line":119,"column":null}},"47":{"start":{"line":119,"column":14},"end":{"line":119,"column":null}},"48":{"start":{"line":121,"column":2},"end":{"line":121,"column":null}},"49":{"start":{"line":132,"column":18},"end":{"line":132,"column":null}},"50":{"start":{"line":133,"column":26},"end":{"line":133,"column":null}},"51":{"start":{"line":135,"column":2},"end":{"line":135,"column":null}},"52":{"start":{"line":135,"column":22},"end":{"line":135,"column":null}},"53":{"start":{"line":136,"column":2},"end":{"line":136,"column":null}},"54":{"start":{"line":136,"column":17},"end":{"line":136,"column":null}},"55":{"start":{"line":137,"column":2},"end":{"line":139,"column":null}},"56":{"start":{"line":138,"column":4},"end":{"line":138,"column":null}},"57":{"start":{"line":141,"column":23},"end":{"line":141,"column":null}},"58":{"start":{"line":142,"column":16},"end":{"line":142,"column":null}},"59":{"start":{"line":143,"column":25},"end":{"line":143,"column":null}},"60":{"start":{"line":145,"column":2},"end":{"line":145,"column":null}}},"fnMap":{"0":{"name":"calculateFootprint","decl":{"start":{"line":29,"column":16},"end":{"line":29,"column":35}},"loc":{"start":{"line":29,"column":103},"end":{"line":68,"column":null}},"line":29},"1":{"name":"(anonymous_1)","decl":{"start":{"line":31,"column":51},"end":{"line":31,"column":57}},"loc":{"start":{"line":31,"column":63},"end":{"line":31,"column":91}},"line":31},"2":{"name":"(anonymous_2)","decl":{"start":{"line":32,"column":41},"end":{"line":32,"column":47}},"loc":{"start":{"line":32,"column":53},"end":{"line":32,"column":76}},"line":32},"3":{"name":"(anonymous_3)","decl":{"start":{"line":65,"column":54},"end":{"line":65,"column":60}},"loc":{"start":{"line":65,"column":69},"end":{"line":65,"column":80}},"line":65},"4":{"name":"getComparisonBars","decl":{"start":{"line":70,"column":16},"end":{"line":70,"column":34}},"loc":{"start":{"line":70,"column":91},"end":{"line":81,"column":null}},"line":70},"5":{"name":"getEmotionalEquivalent","decl":{"start":{"line":83,"column":16},"end":{"line":83,"column":null}},"loc":{"start":{"line":89,"column":10},"end":{"line":122,"column":null}},"line":89},"6":{"name":"simulateWhatIf","decl":{"start":{"line":124,"column":16},"end":{"line":124,"column":null}},"loc":{"start":{"line":131,"column":63},"end":{"line":146,"column":null}},"line":131}},"branchMap":{"0":{"loc":{"start":{"line":34,"column":46},"end":{"line":34,"column":null}},"type":"binary-expr","locations":[{"start":{"line":34,"column":46},"end":{"line":34,"column":73}},{"start":{"line":34,"column":73},"end":{"line":34,"column":null}}],"line":34},"1":{"loc":{"start":{"line":35,"column":15},"end":{"line":35,"column":null}},"type":"binary-expr","locations":[{"start":{"line":35,"column":15},"end":{"line":35,"column":37}},{"start":{"line":35,"column":37},"end":{"line":35,"column":null}}],"line":35},"2":{"loc":{"start":{"line":46,"column":2},"end":{"line":62,"column":null}},"type":"if","locations":[{"start":{"line":46,"column":2},"end":{"line":62,"column":null}},{"start":{"line":50,"column":9},"end":{"line":62,"column":null}}],"line":46},"3":{"loc":{"start":{"line":50,"column":9},"end":{"line":62,"column":null}},"type":"if","locations":[{"start":{"line":50,"column":9},"end":{"line":62,"column":null}},{"start":{"line":54,"column":9},"end":{"line":62,"column":null}}],"line":50},"4":{"loc":{"start":{"line":54,"column":9},"end":{"line":62,"column":null}},"type":"if","locations":[{"start":{"line":54,"column":9},"end":{"line":62,"column":null}},{"start":{"line":58,"column":9},"end":{"line":62,"column":null}}],"line":54},"5":{"loc":{"start":{"line":88,"column":2},"end":{"line":88,"column":null}},"type":"default-arg","locations":[{"start":{"line":88,"column":17},"end":{"line":88,"column":null}}],"line":88},"6":{"loc":{"start":{"line":90,"column":15},"end":{"line":90,"column":null}},"type":"binary-expr","locations":[{"start":{"line":90,"column":15},"end":{"line":90,"column":37}},{"start":{"line":90,"column":37},"end":{"line":90,"column":null}}],"line":90},"7":{"loc":{"start":{"line":93,"column":2},"end":{"line":95,"column":null}},"type":"if","locations":[{"start":{"line":93,"column":2},"end":{"line":95,"column":null}},{"start":{},"end":{}}],"line":93},"8":{"loc":{"start":{"line":94,"column":11},"end":{"line":94,"column":null}},"type":"binary-expr","locations":[{"start":{"line":94,"column":11},"end":{"line":94,"column":28}},{"start":{"line":94,"column":28},"end":{"line":94,"column":null}}],"line":94},"9":{"loc":{"start":{"line":97,"column":17},"end":{"line":99,"column":null}},"type":"cond-expr","locations":[{"start":{"line":98,"column":6},"end":{"line":98,"column":null}},{"start":{"line":99,"column":6},"end":{"line":99,"column":null}}],"line":97},"10":{"loc":{"start":{"line":101,"column":19},"end":{"line":101,"column":null}},"type":"binary-expr","locations":[{"start":{"line":101,"column":19},"end":{"line":101,"column":35}},{"start":{"line":101,"column":35},"end":{"line":101,"column":null}}],"line":101},"11":{"loc":{"start":{"line":102,"column":2},"end":{"line":105,"column":null}},"type":"if","locations":[{"start":{"line":102,"column":2},"end":{"line":105,"column":null}},{"start":{},"end":{}}],"line":102},"12":{"loc":{"start":{"line":116,"column":12},"end":{"line":116,"column":null}},"type":"binary-expr","locations":[{"start":{"line":116,"column":12},"end":{"line":116,"column":49}},{"start":{"line":116,"column":49},"end":{"line":116,"column":null}}],"line":116},"13":{"loc":{"start":{"line":119,"column":2},"end":{"line":119,"column":null}},"type":"if","locations":[{"start":{"line":119,"column":2},"end":{"line":119,"column":null}},{"start":{},"end":{}}],"line":119},"14":{"loc":{"start":{"line":119,"column":21},"end":{"line":119,"column":null}},"type":"binary-expr","locations":[{"start":{"line":119,"column":21},"end":{"line":119,"column":38}},{"start":{"line":119,"column":38},"end":{"line":119,"column":null}}],"line":119},"15":{"loc":{"start":{"line":130,"column":2},"end":{"line":130,"column":null}},"type":"default-arg","locations":[{"start":{"line":130,"column":17},"end":{"line":130,"column":null}}],"line":130},"16":{"loc":{"start":{"line":135,"column":2},"end":{"line":135,"column":null}},"type":"if","locations":[{"start":{"line":135,"column":2},"end":{"line":135,"column":null}},{"start":{},"end":{}}],"line":135},"17":{"loc":{"start":{"line":136,"column":2},"end":{"line":136,"column":null}},"type":"if","locations":[{"start":{"line":136,"column":2},"end":{"line":136,"column":null}},{"start":{},"end":{}}],"line":136},"18":{"loc":{"start":{"line":137,"column":2},"end":{"line":139,"column":null}},"type":"if","locations":[{"start":{"line":137,"column":2},"end":{"line":139,"column":null}},{"start":{},"end":{}}],"line":137}},"s":{"0":5,"1":16,"2":16,"3":78,"4":16,"5":16,"6":16,"7":16,"8":16,"9":16,"10":16,"11":16,"12":16,"13":3,"14":3,"15":3,"16":13,"17":3,"18":3,"19":3,"20":10,"21":1,"22":1,"23":1,"24":9,"25":9,"26":9,"27":16,"28":16,"29":88,"30":16,"31":5,"32":5,"33":5,"34":24,"35":24,"36":24,"37":3,"38":21,"39":24,"40":24,"41":0,"42":0,"43":21,"44":21,"45":24,"46":24,"47":0,"48":21,"49":5,"50":5,"51":5,"52":1,"53":5,"54":0,"55":5,"56":1,"57":5,"58":5,"59":5,"60":5},"f":{"0":16,"1":78,"2":16,"3":88,"4":5,"5":24,"6":5},"b":{"0":[16,1],"1":[16,0],"2":[3,13],"3":[3,10],"4":[1,9],"5":[24],"6":[24,0],"7":[3,21],"8":[3,0],"9":[5,16],"10":[24,0],"11":[0,24],"12":[21,5],"13":[0,24],"14":[0,0],"15":[5],"16":[1,4],"17":[0,5],"18":[1,4]},"meta":{"lastBranch":19,"lastFunction":7,"lastStatement":61,"seen":{"s:27:21:27:Infinity":0,"f:29:16:29:35":0,"s:30:18:30:Infinity":1,"s:31:26:31:Infinity":2,"f:31:51:31:57":1,"s:31:63:31:91":3,"s:32:21:32:Infinity":4,"f:32:41:32:47":2,"s:32:53:32:76":5,"s:34:20:34:Infinity":6,"b:34:46:34:73:34:73:34:Infinity":0,"s:35:15:35:Infinity":7,"b:35:15:35:37:35:37:35:Infinity":1,"s:36:17:36:Infinity":8,"s:37:19:37:Infinity":9,"s:39:16:39:Infinity":10,"s:40:20:40:Infinity":11,"b:46:2:62:Infinity:50:9:62:Infinity":2,"s:46:2:62:Infinity":12,"s:47:4:47:Infinity":13,"s:48:4:48:Infinity":14,"s:49:4:49:Infinity":15,"b:50:9:62:Infinity:54:9:62:Infinity":3,"s:50:9:62:Infinity":16,"s:51:4:51:Infinity":17,"s:52:4:52:Infinity":18,"s:53:4:53:Infinity":19,"b:54:9:62:Infinity:58:9:62:Infinity":4,"s:54:9:62:Infinity":20,"s:55:4:55:Infinity":21,"s:56:4:56:Infinity":22,"s:57:4:57:Infinity":23,"s:59:4:59:Infinity":24,"s:60:4:60:Infinity":25,"s:61:4:61:Infinity":26,"s:64:21:64:Infinity":27,"s:65:27:65:Infinity":28,"f:65:54:65:60":3,"s:65:69:65:80":29,"s:67:2:67:Infinity":30,"f:70:16:70:34":4,"s:71:18:71:Infinity":31,"s:72:14:72:Infinity":32,"s:73:2:80:Infinity":33,"f:83:16:83:Infinity":5,"b:88:17:88:Infinity":5,"s:90:15:90:Infinity":34,"b:90:15:90:37:90:37:90:Infinity":6,"s:91:17:91:Infinity":35,"b:93:2:95:Infinity:undefined:undefined:undefined:undefined":7,"s:93:2:95:Infinity":36,"s:94:4:94:Infinity":37,"b:94:11:94:28:94:28:94:Infinity":8,"s:97:17:99:Infinity":38,"b:98:6:98:Infinity:99:6:99:Infinity":9,"s:101:19:101:Infinity":39,"b:101:19:101:35:101:35:101:Infinity":10,"b:102:2:105:Infinity:undefined:undefined:undefined:undefined":11,"s:102:2:105:Infinity":40,"s:103:20:103:Infinity":41,"s:104:4:104:Infinity":42,"s:107:59:114:Infinity":43,"s:116:12:116:Infinity":44,"b:116:12:116:49:116:49:116:Infinity":12,"s:117:12:117:Infinity":45,"b:119:2:119:Infinity:undefined:undefined:undefined:undefined":13,"s:119:2:119:Infinity":46,"s:119:14:119:Infinity":47,"b:119:21:119:38:119:38:119:Infinity":14,"s:121:2:121:Infinity":48,"f:124:16:124:Infinity":6,"b:130:17:130:Infinity":15,"s:132:18:132:Infinity":49,"s:133:26:133:Infinity":50,"b:135:2:135:Infinity:undefined:undefined:undefined:undefined":16,"s:135:2:135:Infinity":51,"s:135:22:135:Infinity":52,"b:136:2:136:Infinity:undefined:undefined:undefined:undefined":17,"s:136:2:136:Infinity":53,"s:136:17:136:Infinity":54,"b:137:2:139:Infinity:undefined:undefined:undefined:undefined":18,"s:137:2:139:Infinity":55,"s:138:4:138:Infinity":56,"s:141:23:141:Infinity":57,"s:142:16:142:Infinity":58,"s:143:25:143:Infinity":59,"s:145:2:145:Infinity":60},"fnNames":{}}}
,"D:\\projects\\breathe\\src\\utils\\history.ts": {"path":"D:\\projects\\breathe\\src\\utils\\history.ts","statementMap":{"0":{"start":{"line":3,"column":20},"end":{"line":3,"column":null}},"1":{"start":{"line":21,"column":2},"end":{"line":28,"column":null}},"2":{"start":{"line":22,"column":16},"end":{"line":22,"column":null}},"3":{"start":{"line":23,"column":4},"end":{"line":23,"column":null}},"4":{"start":{"line":23,"column":14},"end":{"line":23,"column":null}},"5":{"start":{"line":24,"column":19},"end":{"line":24,"column":null}},"6":{"start":{"line":25,"column":4},"end":{"line":25,"column":null}},"7":{"start":{"line":27,"column":4},"end":{"line":27,"column":null}},"8":{"start":{"line":32,"column":18},"end":{"line":32,"column":null}},"9":{"start":{"line":33,"column":33},"end":{"line":33,"column":null}},"10":{"start":{"line":34,"column":2},"end":{"line":34,"column":null}},"11":{"start":{"line":36,"column":18},"end":{"line":36,"column":null}},"12":{"start":{"line":37,"column":2},"end":{"line":41,"column":null}},"13":{"start":{"line":38,"column":4},"end":{"line":38,"column":null}},"14":{"start":{"line":42,"column":2},"end":{"line":42,"column":null}},"15":{"start":{"line":46,"column":18},"end":{"line":46,"column":null}},"16":{"start":{"line":47,"column":2},"end":{"line":47,"column":null}},"17":{"start":{"line":51,"column":2},"end":{"line":55,"column":null}},"18":{"start":{"line":52,"column":4},"end":{"line":52,"column":null}}},"fnMap":{"0":{"name":"getHistory","decl":{"start":{"line":20,"column":16},"end":{"line":20,"column":45}},"loc":{"start":{"line":20,"column":45},"end":{"line":29,"column":null}},"line":20},"1":{"name":"saveToHistory","decl":{"start":{"line":31,"column":16},"end":{"line":31,"column":30}},"loc":{"start":{"line":31,"column":79},"end":{"line":43,"column":null}},"line":31},"2":{"name":"getLatestEntry","decl":{"start":{"line":45,"column":16},"end":{"line":45,"column":54}},"loc":{"start":{"line":45,"column":54},"end":{"line":48,"column":null}},"line":45},"3":{"name":"clearHistory","decl":{"start":{"line":50,"column":16},"end":{"line":50,"column":37}},"loc":{"start":{"line":50,"column":37},"end":{"line":56,"column":null}},"line":50}},"branchMap":{"0":{"loc":{"start":{"line":23,"column":4},"end":{"line":23,"column":null}},"type":"if","locations":[{"start":{"line":23,"column":4},"end":{"line":23,"column":null}},{"start":{},"end":{}}],"line":23},"1":{"loc":{"start":{"line":25,"column":11},"end":{"line":25,"column":null}},"type":"cond-expr","locations":[{"start":{"line":25,"column":35},"end":{"line":25,"column":44}},{"start":{"line":25,"column":44},"end":{"line":25,"column":null}}],"line":25},"2":{"loc":{"start":{"line":47,"column":9},"end":{"line":47,"column":null}},"type":"cond-expr","locations":[{"start":{"line":47,"column":30},"end":{"line":47,"column":60}},{"start":{"line":47,"column":60},"end":{"line":47,"column":null}}],"line":47}},"s":{"0":2,"1":2,"2":2,"3":2,"4":2,"5":0,"6":0,"7":0,"8":0,"9":0,"10":0,"11":0,"12":0,"13":0,"14":0,"15":1,"16":1,"17":0,"18":0},"f":{"0":2,"1":0,"2":1,"3":0},"b":{"0":[2,0],"1":[0,0],"2":[0,1]},"meta":{"lastBranch":3,"lastFunction":4,"lastStatement":19,"seen":{"s:3:20:3:Infinity":0,"f:20:16:20:45":0,"s:21:2:28:Infinity":1,"s:22:16:22:Infinity":2,"b:23:4:23:Infinity:undefined:undefined:undefined:undefined":0,"s:23:4:23:Infinity":3,"s:23:14:23:Infinity":4,"s:24:19:24:Infinity":5,"s:25:4:25:Infinity":6,"b:25:35:25:44:25:44:25:Infinity":1,"s:27:4:27:Infinity":7,"f:31:16:31:30":1,"s:32:18:32:Infinity":8,"s:33:33:33:Infinity":9,"s:34:2:34:Infinity":10,"s:36:18:36:Infinity":11,"s:37:2:41:Infinity":12,"s:38:4:38:Infinity":13,"s:42:2:42:Infinity":14,"f:45:16:45:54":2,"s:46:18:46:Infinity":15,"s:47:2:47:Infinity":16,"b:47:30:47:60:47:60:47:Infinity":2,"f:50:16:50:37":3,"s:51:2:55:Infinity":17,"s:52:4:52:Infinity":18},"fnNames":{}}}
}
